This is pdfTeX, Version 3.14159265-2.6-1.40.15 (TeX Live 2014) (preloaded format=pdflatex 2014.5.25)  3 DEC 2015 11:41
entering extended mode
 restricted \write18 enabled.
 file:line:error style messages enabled.
 %&-line parsing enabled.
**thermosyphon-paper-revtex4-combined.tex
(./thermosyphon-paper-revtex4-combined.tex
LaTeX2e <2014/05/01>
Babel <3.9k> and hyphenation patterns for 78 languages loaded.
(/usr/local/texlive/2014/texmf-dist/tex/latex/revtex4/revtex4.cls
Document Class: revtex4 2001/08/02 v4.0 (http://publish.aps.org/revtex4/ for do
cumentation)
 Copyright (c) 2001 The American Physical Society.
 mailto:revtex@aps.org
 Licensed under the LPPL:
http://www.ctan.org/tex-archive/macros/latex/base/lppl.txt
 Arthur Ogawa <ogawa@teleport.com>
 Based on work by David Carlisle <david@dcarlisle.demon.co.uk>.
ltxutil: portions licensed from W. E. Baxter (web@superscript.com)
Class revtex4 Info: Repairing broken LateX \@sect on input line 596.
\intertabularlinepenalty=\count79
\@tbpen=\count80
\@arstrutbox@hline=\box26
Class revtex4 Info: Repairing broken LaTeX \@xbitor on input line 1610.
ltxgrid: portions licensed from W. E. Baxter (web@superscript.com)
\c@linecount=\count81
\output=\toks14
\@protection@box=\box27
\@topmark@saved=\toks15
\footins@saved=\box28
\pagesofar=\box29
\footbox=\box30
\pagegrid@col=\count82
Class revtex4 Info: Incorporating package {textcase}  [1998/11/12 v0.06 Text on
ly upper/lower case changing (DPC)]. on input line 3682.
(/usr/local/texlive/2014/texmf-dist/tex/latex/url/url.sty
\Urlmuskip=\muskip10
Package: url 2013/09/16  ver 3.4  Verb mode for urls, etc.
)
\c@affil=\count83
\absbox=\box31
\c@part=\count84
\c@section=\count85
\c@subsection=\count86
\c@subsubsection=\count87
\c@paragraph=\count88
\c@subparagraph=\count89
\abovecaptionskip=\skip41
\belowcaptionskip=\skip42
\c@figure=\count90
\c@table=\count91

(/usr/local/texlive/2014/texmf-dist/tex/latex/natbib/natbib.sty
Package: natbib 2010/09/13 8.31b (PWD, AO)
\bibhang=\skip43
\bibsep=\skip44
LaTeX Info: Redefining \cite on input line 694.
\c@NAT@ctr=\count92
)
\widetext@top=\box32
\widetext@bot=\box33

(/usr/local/texlive/2014/texmf-dist/tex/latex/revtex4/revsymb.sty
Package: revsymb 2001/08/02 v4.0 (http://publish.aps.org/revtex4/ for documenta
tion)
LaTeX Info: Redefining \REV@mathfrak on input line 118.
))
(/usr/local/texlive/2014/texmf-dist/tex/latex/revtex4/aps.rtx
File: aps.rtx 2001/08/02 v4.0 (http://publish.aps.org/revtex4/ for documentatio
n)
)
(/usr/local/texlive/2014/texmf-dist/tex/latex/revtex4/10pt.rtx
File: 10pt.rtx 2001/08/02 v4.0 (http://publish.aps.org/revtex4/ for documentati
on)
)
(/usr/local/texlive/2014/texmf-dist/tex/latex/currfile/currfile.sty
Package: currfile 2013/02/01 v0.7b Provides the file path elements of the curre
nt input file

(/usr/local/texlive/2014/texmf-dist/tex/latex/oberdiek/kvoptions.sty
Package: kvoptions 2011/06/30 v3.11 Key value format for package options (HO)

(/usr/local/texlive/2014/texmf-dist/tex/latex/graphics/keyval.sty
Package: keyval 2014/05/08 v1.15 key=value parser (DPC)
\KV@toks@=\toks16
)
(/usr/local/texlive/2014/texmf-dist/tex/generic/oberdiek/ltxcmds.sty
Package: ltxcmds 2011/11/09 v1.22 LaTeX kernel commands for general use (HO)
)
(/usr/local/texlive/2014/texmf-dist/tex/generic/oberdiek/kvsetkeys.sty
Package: kvsetkeys 2012/04/25 v1.16 Key value parser (HO)

(/usr/local/texlive/2014/texmf-dist/tex/generic/oberdiek/infwarerr.sty
Package: infwarerr 2010/04/08 v1.3 Providing info/warning/error messages (HO)
)
(/usr/local/texlive/2014/texmf-dist/tex/generic/oberdiek/etexcmds.sty
Package: etexcmds 2011/02/16 v1.5 Avoid name clashes with e-TeX commands (HO)

(/usr/local/texlive/2014/texmf-dist/tex/generic/oberdiek/ifluatex.sty
Package: ifluatex 2010/03/01 v1.3 Provides the ifluatex switch (HO)
Package ifluatex Info: LuaTeX not detected.
)
Package etexcmds Info: Could not find \expanded.
(etexcmds)             That can mean that you are not using pdfTeX 1.50 or
(etexcmds)             that some package has redefined \expanded.
(etexcmds)             In the latter case, load this package earlier.
)))
(/usr/local/texlive/2014/texmf-dist/tex/latex/filehook/filehook.sty
Package: filehook 2011/10/12 v0.5d Hooks for input files
)
\c@currfiledepth=\count93
)
(/usr/local/texlive/2014/texmf-dist/tex/latex/graphics/graphicx.sty
Package: graphicx 2014/04/25 v1.0g Enhanced LaTeX Graphics (DPC,SPQR)

(/usr/local/texlive/2014/texmf-dist/tex/latex/graphics/graphics.sty
Package: graphics 2009/02/05 v1.0o Standard LaTeX Graphics (DPC,SPQR)

(/usr/local/texlive/2014/texmf-dist/tex/latex/graphics/trig.sty
Package: trig 1999/03/16 v1.09 sin cos tan (DPC)
)
(/usr/local/texlive/2014/texmf-dist/tex/latex/latexconfig/graphics.cfg
File: graphics.cfg 2010/04/23 v1.9 graphics configuration of TeX Live
)
Package graphics Info: Driver file: pdftex.def on input line 91.

(/usr/local/texlive/2014/texmf-dist/tex/latex/pdftex-def/pdftex.def
File: pdftex.def 2011/05/27 v0.06d Graphics/color for pdfTeX
\Gread@gobject=\count94
))
\Gin@req@height=\dimen102
\Gin@req@width=\dimen103
)
(/usr/local/texlive/2014/texmf-dist/tex/latex/graphics/epsfig.sty
Package: epsfig 1999/02/16 v1.7a (e)psfig emulation (SPQR)
\epsfxsize=\dimen104
\epsfysize=\dimen105
)
(/usr/local/texlive/2014/texmf-dist/tex/latex/tools/verbatim.sty
Package: verbatim 2003/08/22 v1.5q LaTeX2e package for verbatim enhancements
\every@verbatim=\toks17
\verbatim@line=\toks18
\verbatim@in@stream=\read1
)
(/usr/local/texlive/2014/texmf-dist/tex/latex/tools/enumerate.sty
Package: enumerate 1999/03/05 v3.00 enumerate extensions (DPC)
\@enLab=\toks19
)
(/usr/local/texlive/2014/texmf-dist/tex/latex/amsfonts/amssymb.sty
Package: amssymb 2013/01/14 v3.01 AMS font symbols

(/usr/local/texlive/2014/texmf-dist/tex/latex/amsfonts/amsfonts.sty
Package: amsfonts 2013/01/14 v3.01 Basic AMSFonts support
\@emptytoks=\toks20
\symAMSa=\mathgroup4
\symAMSb=\mathgroup5
LaTeX Font Info:    Overwriting math alphabet `\mathfrak' in version `bold'
(Font)                  U/euf/m/n --> U/euf/b/n on input line 106.
LaTeX Info: Redefining \frak on input line 111.
LaTeX Info: Redefining \Bbb on input line 113.
))
(/usr/local/texlive/2014/texmf-dist/tex/latex/amsmath/amsmath.sty
Package: amsmath 2013/01/14 v2.14 AMS math features
\@mathmargin=\skip45

For additional information on amsmath, use the `?' option.
(/usr/local/texlive/2014/texmf-dist/tex/latex/amsmath/amstext.sty
Package: amstext 2000/06/29 v2.01

(/usr/local/texlive/2014/texmf-dist/tex/latex/amsmath/amsgen.sty
File: amsgen.sty 1999/11/30 v2.0
\@emptytoks=\toks21
\ex@=\dimen106
))
(/usr/local/texlive/2014/texmf-dist/tex/latex/amsmath/amsbsy.sty
Package: amsbsy 1999/11/29 v1.2d
\pmbraise@=\dimen107
)
(/usr/local/texlive/2014/texmf-dist/tex/latex/amsmath/amsopn.sty
Package: amsopn 1999/12/14 v2.01 operator names
)
\inf@bad=\count95
LaTeX Info: Redefining \frac on input line 210.
\uproot@=\count96
\leftroot@=\count97
LaTeX Info: Redefining \overline on input line 306.
\classnum@=\count98
\DOTSCASE@=\count99
LaTeX Info: Redefining \ldots on input line 378.
LaTeX Info: Redefining \dots on input line 381.
LaTeX Info: Redefining \cdots on input line 466.
\Mathstrutbox@=\box34
\strutbox@=\box35
\big@size=\dimen108
LaTeX Font Info:    Redeclaring font encoding OML on input line 566.
LaTeX Font Info:    Redeclaring font encoding OMS on input line 567.
\macc@depth=\count100
\c@MaxMatrixCols=\count101
\dotsspace@=\muskip11
\c@parentequation=\count102
\dspbrk@lvl=\count103
\tag@help=\toks22
\row@=\count104
\column@=\count105
\maxfields@=\count106
\andhelp@=\toks23
\eqnshift@=\dimen109
\alignsep@=\dimen110
\tagshift@=\dimen111
\tagwidth@=\dimen112
\totwidth@=\dimen113
\lineht@=\dimen114
\@envbody=\toks24
\multlinegap=\skip46
\multlinetaggap=\skip47
\mathdisplay@stack=\toks25
LaTeX Info: Redefining \[ on input line 2665.
LaTeX Info: Redefining \] on input line 2666.
)
(/usr/local/texlive/2014/texmf-dist/tex/latex/xcolor/xcolor.sty
Package: xcolor 2007/01/21 v2.11 LaTeX color extensions (UK)

(/usr/local/texlive/2014/texmf-dist/tex/latex/latexconfig/color.cfg
File: color.cfg 2007/01/18 v1.5 color configuration of teTeX/TeXLive
)
Package xcolor Info: Driver file: pdftex.def on input line 225.
Package xcolor Info: Model `cmy' substituted by `cmy0' on input line 1337.
Package xcolor Info: Model `hsb' substituted by `rgb' on input line 1341.
Package xcolor Info: Model `RGB' extended on input line 1353.
Package xcolor Info: Model `HTML' substituted by `rgb' on input line 1355.
Package xcolor Info: Model `Hsb' substituted by `hsb' on input line 1356.
Package xcolor Info: Model `tHsb' substituted by `hsb' on input line 1357.
Package xcolor Info: Model `HSB' substituted by `hsb' on input line 1358.
Package xcolor Info: Model `Gray' substituted by `gray' on input line 1359.
Package xcolor Info: Model `wave' substituted by `hsb' on input line 1360.
)
(/usr/local/texlive/2014/texmf-dist/tex/latex/rotating/rotating.sty
Package: rotating 2009/03/28 v2.16a rotated objects in LaTeX

(/usr/local/texlive/2014/texmf-dist/tex/latex/base/ifthen.sty
Package: ifthen 2001/05/26 v1.1c Standard LaTeX ifthen package (DPC)
)
\c@r@tfl@t=\count107
\rotFPtop=\skip48
\rotFPbot=\skip49
\rot@float@box=\box36
\rot@mess@toks=\toks26
)
(/usr/local/texlive/2014/texmf-dist/tex/latex/tools/longtable.sty
Package: longtable 2004/02/01 v4.11 Multi-page Table package (DPC)
\LTleft=\skip50
\LTright=\skip51
\LTpre=\skip52
\LTpost=\skip53
\LTchunksize=\count108
\LTcapwidth=\dimen115
\LT@head=\box37
\LT@firsthead=\box38
\LT@foot=\box39
\LT@lastfoot=\box40
\LT@cols=\count109
\LT@rows=\count110
\c@LT@tables=\count111
\c@LT@chunks=\count112
\LT@p@ftn=\toks27
)
(/usr/local/texlive/2014/texmf-dist/tex/latex/tools/array.sty
Package: array 2008/09/09 v2.4c Tabular extension package (FMi)
\col@sep=\dimen116
\extrarowheight=\dimen117
\NC@list=\toks28
\extratabsurround=\skip54
\backup@length=\skip55
)
(/usr/local/texlive/2014/texmf-dist/tex/latex/listings/listings.sty
\lst@mode=\count113
\lst@gtempboxa=\box41
\lst@token=\toks29
\lst@length=\count114
\lst@currlwidth=\dimen118
\lst@column=\count115
\lst@pos=\count116
\lst@lostspace=\dimen119
\lst@width=\dimen120
\lst@newlines=\count117
\lst@lineno=\count118
\lst@maxwidth=\dimen121

(/usr/local/texlive/2014/texmf-dist/tex/latex/listings/lstmisc.sty
File: lstmisc.sty 2014/03/04 1.5c (Carsten Heinz)
\c@lstnumber=\count119
\lst@skipnumbers=\count120
\lst@framebox=\box42
)
(/usr/local/texlive/2014/texmf-dist/tex/latex/listings/listings.cfg
File: listings.cfg 2014/03/04 1.5c listings configuration
))
Package: listings 2014/03/04 1.5c (Carsten Heinz)

(/usr/local/texlive/2014/texmf-dist/tex/latex/setspace/setspace.sty
Package: setspace 2011/12/19 v6.7a set line spacing
)

./thermosyphon-paper-revtex4-combined.tex:116: Package ifthen Error: Boolean tw
ocolswitch undefined.

See the ifthen package documentation for explanation.
Type  H <return>  for immediate help.
 ...                                              
                                                  
l.116 \setboolean{twocolswitch}{true}
                                     
? 
(./thermosyphon-paper-revtex4-combined.aux)
\openout1 = `thermosyphon-paper-revtex4-combined.aux'.

LaTeX Font Info:    Checking defaults for OML/cmm/m/it on input line 124.
LaTeX Font Info:    ... okay on input line 124.
LaTeX Font Info:    Checking defaults for T1/cmr/m/n on input line 124.
LaTeX Font Info:    ... okay on input line 124.
LaTeX Font Info:    Checking defaults for OT1/cmr/m/n on input line 124.
LaTeX Font Info:    ... okay on input line 124.
LaTeX Font Info:    Checking defaults for OMS/cmsy/m/n on input line 124.
LaTeX Font Info:    ... okay on input line 124.
LaTeX Font Info:    Checking defaults for OMX/cmex/m/n on input line 124.
LaTeX Font Info:    ... okay on input line 124.
LaTeX Font Info:    Checking defaults for U/cmr/m/n on input line 124.
LaTeX Font Info:    ... okay on input line 124.
Class revtex4 Info: Patching array package. on input line 124.
Class revtex4 Info: Patching unrecognized longtable package. (Proceeding with f
ingers crossed) on input line 124.
Class revtex4 Info: cite was not loaded (OK!) on input line 124.
Class revtex4 Info: multicol was not loaded (OK!) on input line 124.

(/usr/local/texlive/2014/texmf-dist/tex/context/base/supp-pdf.mkii
[Loading MPS to PDF converter (version 2006.09.02).]
\scratchcounter=\count121
\scratchdimen=\dimen122
\scratchbox=\box43
\nofMPsegments=\count122
\nofMParguments=\count123
\everyMPshowfont=\toks30
\MPscratchCnt=\count124
\MPscratchDim=\dimen123
\MPnumerator=\count125
\makeMPintoPDFobject=\count126
\everyMPtoPDFconversion=\toks31
) (/usr/local/texlive/2014/texmf-dist/tex/generic/oberdiek/pdftexcmds.sty
Package: pdftexcmds 2011/11/29 v0.20 Utility functions of pdfTeX for LuaTeX (HO
)

(/usr/local/texlive/2014/texmf-dist/tex/generic/oberdiek/ifpdf.sty
Package: ifpdf 2011/01/30 v2.3 Provides the ifpdf switch (HO)
Package ifpdf Info: pdfTeX in PDF mode is detected.
)
Package pdftexcmds Info: LuaTeX not detected.
Package pdftexcmds Info: \pdf@primitive is available.
Package pdftexcmds Info: \pdf@ifprimitive is available.
Package pdftexcmds Info: \pdfdraftmode found.
)
(/usr/local/texlive/2014/texmf-dist/tex/latex/oberdiek/epstopdf-base.sty
Package: epstopdf-base 2010/02/09 v2.5 Base part for package epstopdf

(/usr/local/texlive/2014/texmf-dist/tex/latex/oberdiek/grfext.sty
Package: grfext 2010/08/19 v1.1 Manage graphics extensions (HO)

(/usr/local/texlive/2014/texmf-dist/tex/generic/oberdiek/kvdefinekeys.sty
Package: kvdefinekeys 2011/04/07 v1.3 Define keys (HO)
))
Package grfext Info: Graphics extension search list:
(grfext)             [.png,.pdf,.jpg,.mps,.jpeg,.jbig2,.jb2,.PNG,.PDF,.JPG,.JPE
G,.JBIG2,.JB2,.eps]
(grfext)             \AppendGraphicsExtensions on input line 452.

(/usr/local/texlive/2014/texmf-dist/tex/latex/latexconfig/epstopdf-sys.cfg
File: epstopdf-sys.cfg 2010/07/13 v1.3 Configuration of (r)epstopdf for TeX Liv
e
))
\c@lstlisting=\count127
LaTeX Font Info:    Try loading font information for U+msa on input line 153.

(/usr/local/texlive/2014/texmf-dist/tex/latex/amsfonts/umsa.fd
File: umsa.fd 2013/01/14 v3.01 AMS symbols A
)
LaTeX Font Info:    Try loading font information for U+msb on input line 153.

(/usr/local/texlive/2014/texmf-dist/tex/latex/amsfonts/umsb.fd
File: umsb.fd 2013/01/14 v3.01 AMS symbols B
) [1{/usr/local/texlive/2014/texmf-var/fonts/map/pdftex/updmap/pdftex.map}]
Underfull \hbox (badness 1484) in paragraph at lines 188--190
\OT1/cmr/m/n/10 tron-ics Tech-ni-cian, the exper-i-men-tal ther-mosyphons
 []


Underfull \hbox (badness 1331) in paragraph at lines 191--199
 \OT1/cmr/m/n/10 wrapped around the bot-tom half of the 
 []


Underfull \hbox (badness 1874) in paragraph at lines 191--199
 \OT1/cmr/m/n/10 transmitting clear THV from McMaster- 
 []


</Users/andyreagan/work/2013/05-data-assimilation/thermosyphon/2015-09-30-12-26
-221-timeseries.pdf, id=19, 419.35152pt x 308.05434pt>
File: /Users/andyreagan/work/2013/05-data-assimilation/thermosyphon/2015-09-30-
12-26-221-timeseries.pdf Graphic file (type pdf)

<use /Users/andyreagan/work/2013/05-data-assimilation/thermosyphon/2015-09-30-1
2-26-221-timeseries.pdf>
Package pdftex.def Info: /Users/andyreagan/work/2013/05-data-assimilation/therm
osyphon/2015-09-30-12-26-221-timeseries.pdf used on input line 205.
(pdftex.def)             Requested size: 255.0pt x 187.32059pt.

Overfull \hbox (9.0pt too wide) in paragraph at lines 205--206
 [][] 
 []


LaTeX Warning: `h' float specifier changed to `ht'.

<figures/harris-tellus-2012-loop.pdf, id=20, 558.83395pt x 562.03494pt>
File: figures/harris-tellus-2012-loop.pdf Graphic file (type pdf)

<use figures/harris-tellus-2012-loop.pdf>
Package pdftex.def Info: figures/harris-tellus-2012-loop.pdf used on input line
 216.
(pdftex.def)             Requested size: 229.49844pt x 230.81316pt.


LaTeX Warning: `h' float specifier changed to `ht'.


Underfull \hbox (badness 2486) in paragraph at lines 228--233
\OT1/cmr/m/n/10 tions with the Boussi-nesq approx-i-ma-tion to mod-
 []


Underfull \hbox (badness 2435) in paragraph at lines 228--233
\OT1/cmr/m/n/10 el the flow of water inside a ther-mal con-vec-tion
 []


Underfull \hbox (badness 1629) in paragraph at lines 228--233
[]\OT1/cmtt/m/n/10 buoyantBoussinesqPimpleFoam\OT1/cmr/m/n/10 . Solv-ing is acc
om-
 []


</Users/andyreagan/work/2013/05-data-assimilation/OpenFOAM/figures/heating_zoom
_mesh4.png, id=21, 750.805pt x 551.05875pt>
File: /Users/andyreagan/work/2013/05-data-assimilation/OpenFOAM/figures/heating
_zoom_mesh4.png Graphic file (type png)

<use /Users/andyreagan/work/2013/05-data-assimilation/OpenFOAM/figures/heating_
zoom_mesh4.png>
Package pdftex.def Info: /Users/andyreagan/work/2013/05-data-assimilation/OpenF
OAM/figures/heating_zoom_mesh4.png used on input line 241.
(pdftex.def)             Requested size: 229.49844pt x 168.43843pt.


LaTeX Warning: `h' float specifier changed to `ht'.


</Users/andyreagan/work/2013/05-data-assimilation/OpenFOAM/figures/3D-mesh2.png
, id=22, 789.95125pt x 558.085pt>
File: /Users/andyreagan/work/2013/05-data-assimilation/OpenFOAM/figures/3D-mesh
2.png Graphic file (type png)

<use /Users/andyreagan/work/2013/05-data-assimilation/OpenFOAM/figures/3D-mesh2
.png>
Package pdftex.def Info: /Users/andyreagan/work/2013/05-data-assimilation/OpenF
OAM/figures/3D-mesh2.png used on input line 253.
(pdftex.def)             Requested size: 229.49844pt x 162.13855pt.


LaTeX Warning: `h' float specifier changed to `ht'.

[2 </Users/andyreagan/work/2013/05-data-assimilation/thermosyphon/2015-09-30-12
-26-221-timeseries.pdf>]

LaTeX Warning: A float is stuck (cannot be placed); try class option [floatfix]
 on input line 271.

[3 <./figures/harris-tellus-2012-loop.pdf> </Users/andyreagan/work/2013/05-data
-assimilation/OpenFOAM/figures/heating_zoom_mesh4.png> </Users/andyreagan/work/
2013/05-data-assimilation/OpenFOAM/figures/3D-mesh2.png (PNG copy)>] [4]
<figures/covariance-localization-schematic-labeled-004.pdf, id=129, 352.31625pt
 x 416.55624pt>
File: figures/covariance-localization-schematic-labeled-004.pdf Graphic file (t
ype pdf)

<use figures/covariance-localization-schematic-labeled-004.pdf>
Package pdftex.def Info: figures/covariance-localization-schematic-labeled-004.
pdf used on input line 375.
(pdftex.def)             Requested size: 229.49844pt x 271.34311pt.


LaTeX Warning: `h' float specifier changed to `ht'.

[5 <./figures/covariance-localization-schematic-labeled-004.pdf>]
</Users/andyreagan/work/2013/05-data-assimilation/src/experiments/windowExperim
ent/2015-09-30-14-17-window-experiment.pdf, id=228, 415.27225pt x 308.05434pt>
File: /Users/andyreagan/work/2013/05-data-assimilation/src/experiments/windowEx
periment/2015-09-30-14-17-window-experiment.pdf Graphic file (type pdf)

<use /Users/andyreagan/work/2013/05-data-assimilation/src/experiments/windowExp
eriment/2015-09-30-14-17-window-experiment.pdf>
Package pdftex.def Info: /Users/andyreagan/work/2013/05-data-assimilation/src/e
xperiments/windowExperiment/2015-09-30-14-17-window-experiment.pdf used on inpu
t line 410.
(pdftex.def)             Requested size: 255.0pt x 189.1632pt.

Overfull \hbox (9.0pt too wide) in paragraph at lines 410--411
 [][] 
 []


</Users/andyreagan/work/2013/05-data-assimilation/src/experiments/covInflTest/2
015-09-30-15-35-ETKF-390s.pdf, id=229, 401.34108pt x 335.75435pt>
File: /Users/andyreagan/work/2013/05-data-assimilation/src/experiments/covInflT
est/2015-09-30-15-35-ETKF-390s.pdf Graphic file (type pdf)

<use /Users/andyreagan/work/2013/05-data-assimilation/src/experiments/covInflTe
st/2015-09-30-15-35-ETKF-390s.pdf>
Package pdftex.def Info: /Users/andyreagan/work/2013/05-data-assimilation/src/e
xperiments/covInflTest/2015-09-30-15-35-ETKF-390s.pdf used on input line 425.
(pdftex.def)             Requested size: 244.79782pt x 204.79448pt.


LaTeX Warning: `h' float specifier changed to `ht'.

[6 </Users/andyreagan/work/2013/05-data-assimilation/src/experiments/windowExpe
riment/2015-09-30-14-17-window-experiment.pdf> </Users/andyreagan/work/2013/05-
data-assimilation/src/experiments/covInflTest/2015-09-30-15-35-ETKF-390s.pdf

pdfTeX warning: /usr/texbin/pdflatex (file /Users/andyreagan/work/2013/05-data-
assimilation/src/experiments/covInflTest/2015-09-30-15-35-ETKF-390s.pdf): PDF i
nclusion: multiple pdfs with page group included in a single page
>]
<../figures/2015-10-12-09-36-loop-spaghetti.pdf, id=252, 416.41458pt x 308.0543
4pt>
File: ../figures/2015-10-12-09-36-loop-spaghetti.pdf Graphic file (type pdf)
 <use ../figures/2015-10-12-09-36-loop-spaghetti.pdf>
Package pdftex.def Info: ../figures/2015-10-12-09-36-loop-spaghetti.pdf used on
 input line 450.
(pdftex.def)             Requested size: 244.79782pt x 181.0971pt.

<../figures/2015-09-30-19-59-consuela-2.pdf, id=253, 386.87134pt x 335.75435pt>
File: ../figures/2015-09-30-19-59-consuela-2.pdf Graphic file (type pdf)
<use ../figures/2015-09-30-19-59-consuela-2.pdf>
Package pdftex.def Info: ../figures/2015-09-30-19-59-consuela-2.pdf used on inp
ut line 462.
(pdftex.def)             Requested size: 229.49844pt x 199.17946pt.


Package natbib Warning: Citation `bishop2011a' on page 7 undefined on input lin
e 470.


Underfull \hbox (badness 1824) in paragraph at lines 474--477
[]\OT1/cmr/m/n/10 To incor-po-rate lim-it-ed obser-va-tions into a high-
 []


<../figures/2015-10-02-12-51-DMD_modes_pre_reversals.pdf, id=254, 420.85788pt x
 306.27654pt>
File: ../figures/2015-10-02-12-51-DMD_modes_pre_reversals.pdf Graphic file (typ
e pdf)
 <use ../figures/2015-10-02-12-51-DMD_modes_pre_reversals.pdf>
Package pdftex.def Info: ../figures/2015-10-02-12-51-DMD_modes_pre_reversals.pd
f used on input line 488.
(pdftex.def)             Requested size: 229.49844pt x 167.01788pt.

[7 <../figures/2015-10-12-09-36-loop-spaghetti.pdf> <../figures/2015-09-30-19-5
9-consuela-2.pdf

pdfTeX warning: /usr/texbin/pdflatex (file ../figures/2015-09-30-19-59-consuela
-2.pdf): PDF inclusion: multiple pdfs with page group included in a single page

> <../figures/2015-10-02-12-51-DMD_modes_pre_reversals.pdf

pdfTeX warning: /usr/texbin/pdflatex (file ../figures/2015-10-02-12-51-DMD_mode
s_pre_reversals.pdf): PDF inclusion: multiple pdfs with page group included in 
a single page
>]
<../figures/combined-phase-potrait-2-79-python.pdf, id=288, 364.36125pt x 118.4
425pt>
File: ../figures/combined-phase-potrait-2-79-python.pdf Graphic file (type pdf)

 <use ../figures/combined-phase-potrait-2-79-python.pdf>
Package pdftex.def Info: ../figures/combined-phase-potrait-2-79-python.pdf used
 on input line 505.
(pdftex.def)             Requested size: 499.79782pt x 162.47487pt.

Overfull \hbox (253.79782pt too wide) in paragraph at lines 505--506
 [][] 
 []

[8 <../figures/combined-phase-potrait-2-79-python.pdf>]
Underfull \hbox (badness 1642) in paragraph at lines 551--554
 []\OT1/cmr/m/n/9 Solomon M. Hsiang, Mar-shall Burke, and Edward
 []


Underfull \hbox (badness 2150) in paragraph at lines 567--572
 \OT1/cmr/m/it/9 IEEE/WIC/ACM Inter-na-tion-al Con-fer-ence on\OT1/cmr/m/n/9 , 
vol-
 []


Underfull \hbox (badness 1348) in paragraph at lines 701--704
 []\OT1/cmr/m/n/9 Hong Li, Euge-nia Kalnay, Take-masa Miyoshi, and
 []


Underfull \hbox (badness 1430) in paragraph at lines 706--710
 \OT1/cmr/m/n/9 sin-gu-lar val-ue decom-po-si-tion to param-e-ter-ize state-
 []

[9]
Underfull \hbox (badness 2096) in paragraph at lines 760--764
 []\OT1/cmr/m/n/9 L.B. Rall.  \OT1/cmr/m/it/9 Auto-mat-ic Dif-fer-en-ti-a-tion:
 Tech-niques
 []


Underfull \hbox (badness 1360) in paragraph at lines 766--769
 []\OT1/cmr/m/n/9 Gerrit Burg-ers, Peter Jan van Leeuwen, and Geir
 []


Underfull \hbox (badness 1389) in paragraph at lines 771--774
 \OT1/cmr/m/n/9 mul-ti-vari-ate anal-y-sis of vari-ance.  \OT1/cmr/m/it/9 Aus-t
ral Ecol-o-gy\OT1/cmr/m/n/9 ,
 []


Underfull \hbox (badness 1014) in paragraph at lines 776--780
 \OT1/cmr/m/n/9 ble square root fil-ters*.  \OT1/cmr/m/it/9 Month-ly Weath-er R
eview\OT1/cmr/m/n/9 ,
 []

[10]
\tempfile=\write3
\openout3 = `startsupp.txt'.



./thermosyphon-paper-revtex4-combined.tex:797: Package ifthen Error: Boolean tw
ocolswitch undefined.

See the ifthen package documentation for explanation.
Type  H <return>  for immediate help.
 ...                                              
                                                  
l.797 \setboolean{twocolswitch}{false}
                                      
? 
LaTeX Font Info:    Try loading font information for OMS+cmr on input line 845.

(/usr/local/texlive/2014/texmf-dist/tex/latex/base/omscmr.fd
File: omscmr.fd 1999/05/25 v2.5h Standard LaTeX font definitions
)
LaTeX Font Info:    Font shape `OMS/cmr/m/n' in size <10> not available
(Font)              Font shape `OMS/cmsy/m/n' tried instead on input line 845.

(/usr/local/texlive/2014/texmf-dist/tex/latex/listings/lstlang1.sty
File: lstlang1.sty 2014/03/04 1.5c listings language file
)
(/usr/local/texlive/2014/texmf-dist/tex/latex/listings/lstlang1.sty
File: lstlang1.sty 2014/03/04 1.5c listings language file
)
(/usr/local/texlive/2014/texmf-dist/tex/latex/listings/lstmisc.sty
File: lstmisc.sty 2014/03/04 1.5c (Carsten Heinz)
)
(/Users/andyreagan/work/2013/09-reagan-thesis/code/buoyantBoussinesqPimpleFoam/
buoyantBoussinesqPimpleFoam-edited.C [1])
(/Users/andyreagan/work/2013/09-reagan-thesis/code/buoyantBoussinesqPimpleFoam/
buoyantBoussinesqPimpleFoam-edited.C)
(/Users/andyreagan/work/2013/09-reagan-thesis/code/buoyantBoussinesqPimpleFoam/
buoyantBoussinesqPimpleFoam-edited.C)
(/Users/andyreagan/work/2013/09-reagan-thesis/code/buoyantBoussinesqPimpleFoam/
UEqn.H) [2]
(/Users/andyreagan/work/2013/09-reagan-thesis/code/buoyantBoussinesqPimpleFoam/
TEqn.H)
(/Users/andyreagan/work/2013/09-reagan-thesis/code/buoyantBoussinesqPimpleFoam/
pEqn.H)
</Users/andyreagan/work/2013/05-data-assimilation/src/experiments/meshVerificat
ion/Flux-end-20-times.pdf, id=365, 482.06361pt x 371.03983pt>
File: /Users/andyreagan/work/2013/05-data-assimilation/src/experiments/meshVeri
fication/Flux-end-20-times.pdf Graphic file (type pdf)

<use /Users/andyreagan/work/2013/05-data-assimilation/src/experiments/meshVerif
ication/Flux-end-20-times.pdf>
Package pdftex.def Info: /Users/andyreagan/work/2013/05-data-assimilation/src/e
xperiments/meshVerification/Flux-end-20-times.pdf used on input line 901.
(pdftex.def)             Requested size: 402.89658pt x 310.1257pt.


LaTeX Warning: `!h' float specifier changed to `!ht'.

[3] [4 </Users/andyreagan/work/2013/05-data-assimilation/src/experiments/meshVe
rification/Flux-end-20-times.pdf>] [5] [6] [7]
<figures/TLM-verification003_noname.pdf, id=421, 472.76625pt x 467.7475pt>
File: figures/TLM-verification003_noname.pdf Graphic file (type pdf)

<use figures/TLM-verification003_noname.pdf>
Package pdftex.def Info: figures/TLM-verification003_noname.pdf used on input l
ine 1016.
(pdftex.def)             Requested size: 229.49844pt x 227.06422pt.

<figures/TLM-explanation.pdf, id=422, 687.56876pt x 343.2825pt>
File: figures/TLM-explanation.pdf Graphic file (type pdf)

<use figures/TLM-explanation.pdf>
Package pdftex.def Info: figures/TLM-explanation.pdf used on input line 1026.
(pdftex.def)             Requested size: 453.89969pt x 226.61952pt.

<figures/EnKF-histogram-analysis.pdf, id=423, 501.875pt x 412.54124pt>
File: figures/EnKF-histogram-analysis.pdf Graphic file (type pdf)

<use figures/EnKF-histogram-analysis.pdf>
Package pdftex.def Info: figures/EnKF-histogram-analysis.pdf used on input line
 1039.
(pdftex.def)             Requested size: 402.89658pt x 331.198pt.


LaTeX Warning: `!h' float specifier changed to `!ht'.

<figures/EnKF_spaghetti.pdf, id=424, 515.94037pt x 395.85973pt>
File: figures/EnKF_spaghetti.pdf Graphic file (type pdf)

<use figures/EnKF_spaghetti.pdf>
Package pdftex.def Info: figures/EnKF_spaghetti.pdf used on input line 1056.
(pdftex.def)             Requested size: 504.9028pt x 387.39021pt.


LaTeX Warning: `!h' float specifier changed to `!ht'.

[8] [9 <./figures/TLM-verification003_noname.pdf> <./figures/TLM-explanation.pd
f>] [10 <./figures/EnKF-histogram-analysis.pdf>] [11 <./figures/EnKF_spaghetti.
pdf>]
<../figures/DMD/DMD-data-timeseries-longer-wide.pdf, id=491, 923.36533pt x 353.
89401pt>
File: ../figures/DMD/DMD-data-timeseries-longer-wide.pdf Graphic file (type pdf
)
 <use ../figures/DMD/DMD-data-timeseries-longer-wide.pdf>
Package pdftex.def Info: ../figures/DMD/DMD-data-timeseries-longer-wide.pdf use
d on input line 1082.
(pdftex.def)             Requested size: 499.79782pt x 191.5589pt.

<../figures/DMD/eigenvalues-both-labeled.pdf, id=492, 479.7925pt x 240.9pt>
File: ../figures/DMD/eigenvalues-both-labeled.pdf Graphic file (type pdf)

<use ../figures/DMD/eigenvalues-both-labeled.pdf>
Package pdftex.def Info: ../figures/DMD/eigenvalues-both-labeled.pdf used on in
put line 1091.
(pdftex.def)             Requested size: 499.79782pt x 250.94911pt.


Class revtex4 Warning: Environment acknowledgements is obsolete;
Use acknowledgments instead.


Package natbib Warning: There were undefined citations.

[12 <../figures/DMD/DMD-data-timeseries-longer-wide.pdf> <../figures/DMD/eigenv
alues-both-labeled.pdf

pdfTeX warning: /usr/texbin/pdflatex (file ../figures/DMD/eigenvalues-both-labe
led.pdf): PDF inclusion: multiple pdfs with page group included in a single pag
e
>] (./thermosyphon-paper-revtex4-combined.aux) ) 
Here is how much of TeX's memory you used:
 6763 strings out of 493117
 97363 string characters out of 6135433
 538485 words of memory out of 5000000
 10068 multiletter control sequences out of 15000+600000
 11969 words of font info for 46 fonts, out of 8000000 for 9000
 1141 hyphenation exceptions out of 8191
 39i,12n,60p,450b,1609s stack positions out of 5000i,500n,10000p,200000b,80000s
</usr/local/texlive/2014/texmf-
dist/fonts/type1/public/amsfonts/cm/cmbx10.pfb></usr/local/texlive/2014/texmf-d
ist/fonts/type1/public/amsfonts/cm/cmbx12.pfb></usr/local/texlive/2014/texmf-di
st/fonts/type1/public/amsfonts/cm/cmbx9.pfb></usr/local/texlive/2014/texmf-dist
/fonts/type1/public/amsfonts/cm/cmex10.pfb></usr/local/texlive/2014/texmf-dist/
fonts/type1/public/amsfonts/cm/cmmi10.pfb></usr/local/texlive/2014/texmf-dist/f
onts/type1/public/amsfonts/cm/cmmi12.pfb></usr/local/texlive/2014/texmf-dist/fo
nts/type1/public/amsfonts/cm/cmmi6.pfb></usr/local/texlive/2014/texmf-dist/font
s/type1/public/amsfonts/cm/cmmi7.pfb></usr/local/texlive/2014/texmf-dist/fonts/
type1/public/amsfonts/cm/cmmi9.pfb></usr/local/texlive/2014/texmf-dist/fonts/ty
pe1/public/amsfonts/cm/cmr10.pfb></usr/local/texlive/2014/texmf-dist/fonts/type
1/public/amsfonts/cm/cmr12.pfb></usr/local/texlive/2014/texmf-dist/fonts/type1/
public/amsfonts/cm/cmr5.pfb></usr/local/texlive/2014/texmf-dist/fonts/type1/pub
lic/amsfonts/cm/cmr6.pfb></usr/local/texlive/2014/texmf-dist/fonts/type1/public
/amsfonts/cm/cmr7.pfb></usr/local/texlive/2014/texmf-dist/fonts/type1/public/am
sfonts/cm/cmr8.pfb></usr/local/texlive/2014/texmf-dist/fonts/type1/public/amsfo
nts/cm/cmr9.pfb></usr/local/texlive/2014/texmf-dist/fonts/type1/public/amsfonts
/cm/cmsy10.pfb></usr/local/texlive/2014/texmf-dist/fonts/type1/public/amsfonts/
cm/cmsy6.pfb></usr/local/texlive/2014/texmf-dist/fonts/type1/public/amsfonts/cm
/cmsy7.pfb></usr/local/texlive/2014/texmf-dist/fonts/type1/public/amsfonts/cm/c
msy8.pfb></usr/local/texlive/2014/texmf-dist/fonts/type1/public/amsfonts/cm/cmt
i10.pfb></usr/local/texlive/2014/texmf-dist/fonts/type1/public/amsfonts/cm/cmti
7.pfb></usr/local/texlive/2014/texmf-dist/fonts/type1/public/amsfonts/cm/cmti9.
pfb></usr/local/texlive/2014/texmf-dist/fonts/type1/public/amsfonts/cm/cmtt10.p
fb></usr/local/texlive/2014/texmf-dist/fonts/type1/public/amsfonts/cm/cmtt8.pfb
></usr/local/texlive/2014/texmf-dist/fonts/type1/urw/helvetic/uhvr8a.pfb>
Output written on thermosyphon-paper-revtex4-combined.pdf (22 pages, 3970855 by
tes).
PDF statistics:
 661 PDF objects out of 1000 (max. 8388607)
 457 compressed objects within 5 object streams
 0 named destinations out of 1000 (max. 500000)
 91 words of extra memory for PDF output out of 10000 (max. 10000000)

