This is pdfTeX, Version 3.14159265-2.6-1.40.15 (TeX Live 2014) (preloaded format=pdflatex 2014.5.25)  18 OCT 2015 12:56
entering extended mode
 restricted \write18 enabled.
 %&-line parsing enabled.
**thermosyphon-paper-plos-combined
(./thermosyphon-paper-plos-combined.tex
LaTeX2e <2014/05/01>
Babel <3.9k> and hyphenation patterns for 78 languages loaded.
(/usr/local/texlive/2014/texmf-dist/tex/latex/base/article.cls
Document Class: article 2007/10/19 v1.4h Standard LaTeX document class
(/usr/local/texlive/2014/texmf-dist/tex/latex/base/size10.clo
File: size10.clo 2007/10/19 v1.4h Standard LaTeX file (size option)
)
\c@part=\count79
\c@section=\count80
\c@subsection=\count81
\c@subsubsection=\count82
\c@paragraph=\count83
\c@subparagraph=\count84
\c@figure=\count85
\c@table=\count86
\abovecaptionskip=\skip41
\belowcaptionskip=\skip42
\bibindent=\dimen102
)
(/usr/local/texlive/2014/texmf-dist/tex/latex/geometry/geometry.sty
Package: geometry 2010/09/12 v5.6 Page Geometry

(/usr/local/texlive/2014/texmf-dist/tex/latex/graphics/keyval.sty
Package: keyval 2014/05/08 v1.15 key=value parser (DPC)
\KV@toks@=\toks14
)
(/usr/local/texlive/2014/texmf-dist/tex/generic/oberdiek/ifpdf.sty
Package: ifpdf 2011/01/30 v2.3 Provides the ifpdf switch (HO)
Package ifpdf Info: pdfTeX in PDF mode is detected.
)
(/usr/local/texlive/2014/texmf-dist/tex/generic/oberdiek/ifvtex.sty
Package: ifvtex 2010/03/01 v1.5 Detect VTeX and its facilities (HO)
Package ifvtex Info: VTeX not detected.
)
(/usr/local/texlive/2014/texmf-dist/tex/generic/ifxetex/ifxetex.sty
Package: ifxetex 2010/09/12 v0.6 Provides ifxetex conditional
)
\Gm@cnth=\count87
\Gm@cntv=\count88
\c@Gm@tempcnt=\count89
\Gm@bindingoffset=\dimen103
\Gm@wd@mp=\dimen104
\Gm@odd@mp=\dimen105
\Gm@even@mp=\dimen106
\Gm@layoutwidth=\dimen107
\Gm@layoutheight=\dimen108
\Gm@layouthoffset=\dimen109
\Gm@layoutvoffset=\dimen110
\Gm@dimlist=\toks15
)
(/usr/local/texlive/2014/texmf-dist/tex/latex/currfile/currfile.sty
Package: currfile 2013/02/01 v0.7b Provides the file path elements of the curre
nt input file

(/usr/local/texlive/2014/texmf-dist/tex/latex/oberdiek/kvoptions.sty
Package: kvoptions 2011/06/30 v3.11 Key value format for package options (HO)

(/usr/local/texlive/2014/texmf-dist/tex/generic/oberdiek/ltxcmds.sty
Package: ltxcmds 2011/11/09 v1.22 LaTeX kernel commands for general use (HO)
)
(/usr/local/texlive/2014/texmf-dist/tex/generic/oberdiek/kvsetkeys.sty
Package: kvsetkeys 2012/04/25 v1.16 Key value parser (HO)

(/usr/local/texlive/2014/texmf-dist/tex/generic/oberdiek/infwarerr.sty
Package: infwarerr 2010/04/08 v1.3 Providing info/warning/error messages (HO)
)
(/usr/local/texlive/2014/texmf-dist/tex/generic/oberdiek/etexcmds.sty
Package: etexcmds 2011/02/16 v1.5 Avoid name clashes with e-TeX commands (HO)

(/usr/local/texlive/2014/texmf-dist/tex/generic/oberdiek/ifluatex.sty
Package: ifluatex 2010/03/01 v1.3 Provides the ifluatex switch (HO)
Package ifluatex Info: LuaTeX not detected.
)
Package etexcmds Info: Could not find \expanded.
(etexcmds)             That can mean that you are not using pdfTeX 1.50 or
(etexcmds)             that some package has redefined \expanded.
(etexcmds)             In the latter case, load this package earlier.
)))
(/usr/local/texlive/2014/texmf-dist/tex/latex/filehook/filehook.sty
Package: filehook 2011/10/12 v0.5d Hooks for input files
)
\c@currfiledepth=\count90
)
(/usr/local/texlive/2014/texmf-dist/tex/latex/url/url.sty
\Urlmuskip=\muskip10
Package: url 2013/09/16  ver 3.4  Verb mode for urls, etc.
)
(/usr/local/texlive/2014/texmf-dist/tex/latex/graphics/graphicx.sty
Package: graphicx 2014/04/25 v1.0g Enhanced LaTeX Graphics (DPC,SPQR)

(/usr/local/texlive/2014/texmf-dist/tex/latex/graphics/graphics.sty
Package: graphics 2009/02/05 v1.0o Standard LaTeX Graphics (DPC,SPQR)

(/usr/local/texlive/2014/texmf-dist/tex/latex/graphics/trig.sty
Package: trig 1999/03/16 v1.09 sin cos tan (DPC)
)
(/usr/local/texlive/2014/texmf-dist/tex/latex/latexconfig/graphics.cfg
File: graphics.cfg 2010/04/23 v1.9 graphics configuration of TeX Live
)
Package graphics Info: Driver file: pdftex.def on input line 91.

(/usr/local/texlive/2014/texmf-dist/tex/latex/pdftex-def/pdftex.def
File: pdftex.def 2011/05/27 v0.06d Graphics/color for pdfTeX
\Gread@gobject=\count91
))
\Gin@req@height=\dimen111
\Gin@req@width=\dimen112
)
(/usr/local/texlive/2014/texmf-dist/tex/latex/graphics/epsfig.sty
Package: epsfig 1999/02/16 v1.7a (e)psfig emulation (SPQR)
\epsfxsize=\dimen113
\epsfysize=\dimen114
)
(/usr/local/texlive/2014/texmf-dist/tex/latex/tools/verbatim.sty
Package: verbatim 2003/08/22 v1.5q LaTeX2e package for verbatim enhancements
\every@verbatim=\toks16
\verbatim@line=\toks17
\verbatim@in@stream=\read1
)
(/usr/local/texlive/2014/texmf-dist/tex/latex/tools/enumerate.sty
Package: enumerate 1999/03/05 v3.00 enumerate extensions (DPC)
\@enLab=\toks18
)
(/usr/local/texlive/2014/texmf-dist/tex/latex/amsfonts/amssymb.sty
Package: amssymb 2013/01/14 v3.01 AMS font symbols

(/usr/local/texlive/2014/texmf-dist/tex/latex/amsfonts/amsfonts.sty
Package: amsfonts 2013/01/14 v3.01 Basic AMSFonts support
\@emptytoks=\toks19
\symAMSa=\mathgroup4
\symAMSb=\mathgroup5
LaTeX Font Info:    Overwriting math alphabet `\mathfrak' in version `bold'
(Font)                  U/euf/m/n --> U/euf/b/n on input line 106.
))
(/usr/local/texlive/2014/texmf-dist/tex/latex/amsmath/amsmath.sty
Package: amsmath 2013/01/14 v2.14 AMS math features
\@mathmargin=\skip43

For additional information on amsmath, use the `?' option.
(/usr/local/texlive/2014/texmf-dist/tex/latex/amsmath/amstext.sty
Package: amstext 2000/06/29 v2.01

(/usr/local/texlive/2014/texmf-dist/tex/latex/amsmath/amsgen.sty
File: amsgen.sty 1999/11/30 v2.0
\@emptytoks=\toks20
\ex@=\dimen115
))
(/usr/local/texlive/2014/texmf-dist/tex/latex/amsmath/amsbsy.sty
Package: amsbsy 1999/11/29 v1.2d
\pmbraise@=\dimen116
)
(/usr/local/texlive/2014/texmf-dist/tex/latex/amsmath/amsopn.sty
Package: amsopn 1999/12/14 v2.01 operator names
)
\inf@bad=\count92
LaTeX Info: Redefining \frac on input line 210.
\uproot@=\count93
\leftroot@=\count94
LaTeX Info: Redefining \overline on input line 306.
\classnum@=\count95
\DOTSCASE@=\count96
LaTeX Info: Redefining \ldots on input line 378.
LaTeX Info: Redefining \dots on input line 381.
LaTeX Info: Redefining \cdots on input line 466.
\Mathstrutbox@=\box26
\strutbox@=\box27
\big@size=\dimen117
LaTeX Font Info:    Redeclaring font encoding OML on input line 566.
LaTeX Font Info:    Redeclaring font encoding OMS on input line 567.
\macc@depth=\count97
\c@MaxMatrixCols=\count98
\dotsspace@=\muskip11
\c@parentequation=\count99
\dspbrk@lvl=\count100
\tag@help=\toks21
\row@=\count101
\column@=\count102
\maxfields@=\count103
\andhelp@=\toks22
\eqnshift@=\dimen118
\alignsep@=\dimen119
\tagshift@=\dimen120
\tagwidth@=\dimen121
\totwidth@=\dimen122
\lineht@=\dimen123
\@envbody=\toks23
\multlinegap=\skip44
\multlinetaggap=\skip45
\mathdisplay@stack=\toks24
LaTeX Info: Redefining \[ on input line 2665.
LaTeX Info: Redefining \] on input line 2666.
)
(/usr/local/texlive/2014/texmf-dist/tex/latex/xcolor/xcolor.sty
Package: xcolor 2007/01/21 v2.11 LaTeX color extensions (UK)

(/usr/local/texlive/2014/texmf-dist/tex/latex/latexconfig/color.cfg
File: color.cfg 2007/01/18 v1.5 color configuration of teTeX/TeXLive
)
Package xcolor Info: Driver file: pdftex.def on input line 225.
Package xcolor Info: Model `cmy' substituted by `cmy0' on input line 1337.
Package xcolor Info: Model `hsb' substituted by `rgb' on input line 1341.
Package xcolor Info: Model `RGB' extended on input line 1353.
Package xcolor Info: Model `HTML' substituted by `rgb' on input line 1355.
Package xcolor Info: Model `Hsb' substituted by `hsb' on input line 1356.
Package xcolor Info: Model `tHsb' substituted by `hsb' on input line 1357.
Package xcolor Info: Model `HSB' substituted by `hsb' on input line 1358.
Package xcolor Info: Model `Gray' substituted by `gray' on input line 1359.
Package xcolor Info: Model `wave' substituted by `hsb' on input line 1360.
)
(/usr/local/texlive/2014/texmf-dist/tex/latex/rotating/rotating.sty
Package: rotating 2009/03/28 v2.16a rotated objects in LaTeX

(/usr/local/texlive/2014/texmf-dist/tex/latex/base/ifthen.sty
Package: ifthen 2001/05/26 v1.1c Standard LaTeX ifthen package (DPC)
)
\c@r@tfl@t=\count104
\rotFPtop=\skip46
\rotFPbot=\skip47
\rot@float@box=\box28
\rot@mess@toks=\toks25
)
(/usr/local/texlive/2014/texmf-dist/tex/latex/tools/longtable.sty
Package: longtable 2004/02/01 v4.11 Multi-page Table package (DPC)
\LTleft=\skip48
\LTright=\skip49
\LTpre=\skip50
\LTpost=\skip51
\LTchunksize=\count105
\LTcapwidth=\dimen124
\LT@head=\box29
\LT@firsthead=\box30
\LT@foot=\box31
\LT@lastfoot=\box32
\LT@cols=\count106
\LT@rows=\count107
\c@LT@tables=\count108
\c@LT@chunks=\count109
\LT@p@ftn=\toks26
)
(/usr/local/texlive/2014/texmf-dist/tex/latex/tools/array.sty
Package: array 2008/09/09 v2.4c Tabular extension package (FMi)
\col@sep=\dimen125
\extrarowheight=\dimen126
\NC@list=\toks27
\extratabsurround=\skip52
\backup@length=\skip53
)
(/usr/local/texlive/2014/texmf-dist/tex/latex/listings/listings.sty
\lst@mode=\count110
\lst@gtempboxa=\box33
\lst@token=\toks28
\lst@length=\count111
\lst@currlwidth=\dimen127
\lst@column=\count112
\lst@pos=\count113
\lst@lostspace=\dimen128
\lst@width=\dimen129
\lst@newlines=\count114
\lst@lineno=\count115
\lst@maxwidth=\dimen130

(/usr/local/texlive/2014/texmf-dist/tex/latex/listings/lstmisc.sty
File: lstmisc.sty 2014/03/04 1.5c (Carsten Heinz)
\c@lstnumber=\count116
\lst@skipnumbers=\count117
\lst@framebox=\box34
)
(/usr/local/texlive/2014/texmf-dist/tex/latex/listings/listings.cfg
File: listings.cfg 2014/03/04 1.5c listings configuration
))
Package: listings 2014/03/04 1.5c (Carsten Heinz)

(/usr/local/texlive/2014/texmf-dist/tex/latex/setspace/setspace.sty
Package: setspace 2011/12/19 v6.7a set line spacing
)
(/usr/local/texlive/2014/texmf-dist/tex/latex/changepage/changepage.sty
Package: changepage 2009/10/20 v1.0c check page and change page layout
\c@cp@cntr=\count118
\cp@tempcnt=\count119
)
(/usr/local/texlive/2014/texmf-dist/tex/latex/base/inputenc.sty
Package: inputenc 2014/04/30 v1.2b Input encoding file
\inpenc@prehook=\toks29
\inpenc@posthook=\toks30

(/usr/local/texlive/2014/texmf-dist/tex/latex/base/utf8.def
File: utf8.def 2008/04/05 v1.1m UTF-8 support for inputenc
Now handling font encoding OML ...
... no UTF-8 mapping file for font encoding OML
Now handling font encoding T1 ...
... processing UTF-8 mapping file for font encoding T1

(/usr/local/texlive/2014/texmf-dist/tex/latex/base/t1enc.dfu
File: t1enc.dfu 2008/04/05 v1.1m UTF-8 support for inputenc
   defining Unicode char U+00A1 (decimal 161)
   defining Unicode char U+00A3 (decimal 163)
   defining Unicode char U+00AB (decimal 171)
   defining Unicode char U+00BB (decimal 187)
   defining Unicode char U+00BF (decimal 191)
   defining Unicode char U+00C0 (decimal 192)
   defining Unicode char U+00C1 (decimal 193)
   defining Unicode char U+00C2 (decimal 194)
   defining Unicode char U+00C3 (decimal 195)
   defining Unicode char U+00C4 (decimal 196)
   defining Unicode char U+00C5 (decimal 197)
   defining Unicode char U+00C6 (decimal 198)
   defining Unicode char U+00C7 (decimal 199)
   defining Unicode char U+00C8 (decimal 200)
   defining Unicode char U+00C9 (decimal 201)
   defining Unicode char U+00CA (decimal 202)
   defining Unicode char U+00CB (decimal 203)
   defining Unicode char U+00CC (decimal 204)
   defining Unicode char U+00CD (decimal 205)
   defining Unicode char U+00CE (decimal 206)
   defining Unicode char U+00CF (decimal 207)
   defining Unicode char U+00D0 (decimal 208)
   defining Unicode char U+00D1 (decimal 209)
   defining Unicode char U+00D2 (decimal 210)
   defining Unicode char U+00D3 (decimal 211)
   defining Unicode char U+00D4 (decimal 212)
   defining Unicode char U+00D5 (decimal 213)
   defining Unicode char U+00D6 (decimal 214)
   defining Unicode char U+00D8 (decimal 216)
   defining Unicode char U+00D9 (decimal 217)
   defining Unicode char U+00DA (decimal 218)
   defining Unicode char U+00DB (decimal 219)
   defining Unicode char U+00DC (decimal 220)
   defining Unicode char U+00DD (decimal 221)
   defining Unicode char U+00DE (decimal 222)
   defining Unicode char U+00DF (decimal 223)
   defining Unicode char U+00E0 (decimal 224)
   defining Unicode char U+00E1 (decimal 225)
   defining Unicode char U+00E2 (decimal 226)
   defining Unicode char U+00E3 (decimal 227)
   defining Unicode char U+00E4 (decimal 228)
   defining Unicode char U+00E5 (decimal 229)
   defining Unicode char U+00E6 (decimal 230)
   defining Unicode char U+00E7 (decimal 231)
   defining Unicode char U+00E8 (decimal 232)
   defining Unicode char U+00E9 (decimal 233)
   defining Unicode char U+00EA (decimal 234)
   defining Unicode char U+00EB (decimal 235)
   defining Unicode char U+00EC (decimal 236)
   defining Unicode char U+00ED (decimal 237)
   defining Unicode char U+00EE (decimal 238)
   defining Unicode char U+00EF (decimal 239)
   defining Unicode char U+00F0 (decimal 240)
   defining Unicode char U+00F1 (decimal 241)
   defining Unicode char U+00F2 (decimal 242)
   defining Unicode char U+00F3 (decimal 243)
   defining Unicode char U+00F4 (decimal 244)
   defining Unicode char U+00F5 (decimal 245)
   defining Unicode char U+00F6 (decimal 246)
   defining Unicode char U+00F8 (decimal 248)
   defining Unicode char U+00F9 (decimal 249)
   defining Unicode char U+00FA (decimal 250)
   defining Unicode char U+00FB (decimal 251)
   defining Unicode char U+00FC (decimal 252)
   defining Unicode char U+00FD (decimal 253)
   defining Unicode char U+00FE (decimal 254)
   defining Unicode char U+00FF (decimal 255)
   defining Unicode char U+0102 (decimal 258)
   defining Unicode char U+0103 (decimal 259)
   defining Unicode char U+0104 (decimal 260)
   defining Unicode char U+0105 (decimal 261)
   defining Unicode char U+0106 (decimal 262)
   defining Unicode char U+0107 (decimal 263)
   defining Unicode char U+010C (decimal 268)
   defining Unicode char U+010D (decimal 269)
   defining Unicode char U+010E (decimal 270)
   defining Unicode char U+010F (decimal 271)
   defining Unicode char U+0110 (decimal 272)
   defining Unicode char U+0111 (decimal 273)
   defining Unicode char U+0118 (decimal 280)
   defining Unicode char U+0119 (decimal 281)
   defining Unicode char U+011A (decimal 282)
   defining Unicode char U+011B (decimal 283)
   defining Unicode char U+011E (decimal 286)
   defining Unicode char U+011F (decimal 287)
   defining Unicode char U+0130 (decimal 304)
   defining Unicode char U+0131 (decimal 305)
   defining Unicode char U+0132 (decimal 306)
   defining Unicode char U+0133 (decimal 307)
   defining Unicode char U+0139 (decimal 313)
   defining Unicode char U+013A (decimal 314)
   defining Unicode char U+013D (decimal 317)
   defining Unicode char U+013E (decimal 318)
   defining Unicode char U+0141 (decimal 321)
   defining Unicode char U+0142 (decimal 322)
   defining Unicode char U+0143 (decimal 323)
   defining Unicode char U+0144 (decimal 324)
   defining Unicode char U+0147 (decimal 327)
   defining Unicode char U+0148 (decimal 328)
   defining Unicode char U+014A (decimal 330)
   defining Unicode char U+014B (decimal 331)
   defining Unicode char U+0150 (decimal 336)
   defining Unicode char U+0151 (decimal 337)
   defining Unicode char U+0152 (decimal 338)
   defining Unicode char U+0153 (decimal 339)
   defining Unicode char U+0154 (decimal 340)
   defining Unicode char U+0155 (decimal 341)
   defining Unicode char U+0158 (decimal 344)
   defining Unicode char U+0159 (decimal 345)
   defining Unicode char U+015A (decimal 346)
   defining Unicode char U+015B (decimal 347)
   defining Unicode char U+015E (decimal 350)
   defining Unicode char U+015F (decimal 351)
   defining Unicode char U+0160 (decimal 352)
   defining Unicode char U+0161 (decimal 353)
   defining Unicode char U+0162 (decimal 354)
   defining Unicode char U+0163 (decimal 355)
   defining Unicode char U+0164 (decimal 356)
   defining Unicode char U+0165 (decimal 357)
   defining Unicode char U+016E (decimal 366)
   defining Unicode char U+016F (decimal 367)
   defining Unicode char U+0170 (decimal 368)
   defining Unicode char U+0171 (decimal 369)
   defining Unicode char U+0178 (decimal 376)
   defining Unicode char U+0179 (decimal 377)
   defining Unicode char U+017A (decimal 378)
   defining Unicode char U+017B (decimal 379)
   defining Unicode char U+017C (decimal 380)
   defining Unicode char U+017D (decimal 381)
   defining Unicode char U+017E (decimal 382)
   defining Unicode char U+200C (decimal 8204)
   defining Unicode char U+2013 (decimal 8211)
   defining Unicode char U+2014 (decimal 8212)
   defining Unicode char U+2018 (decimal 8216)
   defining Unicode char U+2019 (decimal 8217)
   defining Unicode char U+201A (decimal 8218)
   defining Unicode char U+201C (decimal 8220)
   defining Unicode char U+201D (decimal 8221)
   defining Unicode char U+201E (decimal 8222)
   defining Unicode char U+2030 (decimal 8240)
   defining Unicode char U+2031 (decimal 8241)
   defining Unicode char U+2039 (decimal 8249)
   defining Unicode char U+203A (decimal 8250)
   defining Unicode char U+2423 (decimal 9251)
)
Now handling font encoding OT1 ...
... processing UTF-8 mapping file for font encoding OT1

(/usr/local/texlive/2014/texmf-dist/tex/latex/base/ot1enc.dfu
File: ot1enc.dfu 2008/04/05 v1.1m UTF-8 support for inputenc
   defining Unicode char U+00A1 (decimal 161)
   defining Unicode char U+00A3 (decimal 163)
   defining Unicode char U+00B8 (decimal 184)
   defining Unicode char U+00BF (decimal 191)
   defining Unicode char U+00C5 (decimal 197)
   defining Unicode char U+00C6 (decimal 198)
   defining Unicode char U+00D8 (decimal 216)
   defining Unicode char U+00DF (decimal 223)
   defining Unicode char U+00E6 (decimal 230)
   defining Unicode char U+00EC (decimal 236)
   defining Unicode char U+00ED (decimal 237)
   defining Unicode char U+00EE (decimal 238)
   defining Unicode char U+00EF (decimal 239)
   defining Unicode char U+00F8 (decimal 248)
   defining Unicode char U+0131 (decimal 305)
   defining Unicode char U+0141 (decimal 321)
   defining Unicode char U+0142 (decimal 322)
   defining Unicode char U+0152 (decimal 338)
   defining Unicode char U+0153 (decimal 339)
   defining Unicode char U+2013 (decimal 8211)
   defining Unicode char U+2014 (decimal 8212)
   defining Unicode char U+2018 (decimal 8216)
   defining Unicode char U+2019 (decimal 8217)
   defining Unicode char U+201C (decimal 8220)
   defining Unicode char U+201D (decimal 8221)
)
Now handling font encoding OMS ...
... processing UTF-8 mapping file for font encoding OMS

(/usr/local/texlive/2014/texmf-dist/tex/latex/base/omsenc.dfu
File: omsenc.dfu 2008/04/05 v1.1m UTF-8 support for inputenc
   defining Unicode char U+00A7 (decimal 167)
   defining Unicode char U+00B6 (decimal 182)
   defining Unicode char U+00B7 (decimal 183)
   defining Unicode char U+2020 (decimal 8224)
   defining Unicode char U+2021 (decimal 8225)
   defining Unicode char U+2022 (decimal 8226)
)
Now handling font encoding OMX ...
... no UTF-8 mapping file for font encoding OMX
Now handling font encoding U ...
... no UTF-8 mapping file for font encoding U
   defining Unicode char U+00A9 (decimal 169)
   defining Unicode char U+00AA (decimal 170)
   defining Unicode char U+00AE (decimal 174)
   defining Unicode char U+00BA (decimal 186)
   defining Unicode char U+02C6 (decimal 710)
   defining Unicode char U+02DC (decimal 732)
   defining Unicode char U+200C (decimal 8204)
   defining Unicode char U+2026 (decimal 8230)
   defining Unicode char U+2122 (decimal 8482)
   defining Unicode char U+2423 (decimal 9251)
))
(/usr/local/texlive/2014/texmf-dist/tex/latex/base/textcomp.sty
Package: textcomp 2005/09/27 v1.99g Standard LaTeX package
Package textcomp Info: Sub-encoding information:
(textcomp)               5 = only ISO-Adobe without \textcurrency
(textcomp)               4 = 5 + \texteuro
(textcomp)               3 = 4 + \textohm
(textcomp)               2 = 3 + \textestimated + \textcurrency
(textcomp)               1 = TS1 - \textcircled - \t
(textcomp)               0 = TS1 (full)
(textcomp)             Font families with sub-encoding setting implement
(textcomp)             only a restricted character set as indicated.
(textcomp)             Family '?' is the default used for unknown fonts.
(textcomp)             See the documentation for details.
Package textcomp Info: Setting ? sub-encoding to TS1/1 on input line 71.

(/usr/local/texlive/2014/texmf-dist/tex/latex/base/ts1enc.def
File: ts1enc.def 2001/06/05 v3.0e (jk/car/fm) Standard LaTeX file
Now handling font encoding TS1 ...
... processing UTF-8 mapping file for font encoding TS1

(/usr/local/texlive/2014/texmf-dist/tex/latex/base/ts1enc.dfu
File: ts1enc.dfu 2008/04/05 v1.1m UTF-8 support for inputenc
   defining Unicode char U+00A2 (decimal 162)
   defining Unicode char U+00A3 (decimal 163)
   defining Unicode char U+00A4 (decimal 164)
   defining Unicode char U+00A5 (decimal 165)
   defining Unicode char U+00A6 (decimal 166)
   defining Unicode char U+00A7 (decimal 167)
   defining Unicode char U+00A8 (decimal 168)
   defining Unicode char U+00A9 (decimal 169)
   defining Unicode char U+00AA (decimal 170)
   defining Unicode char U+00AC (decimal 172)
   defining Unicode char U+00AE (decimal 174)
   defining Unicode char U+00AF (decimal 175)
   defining Unicode char U+00B0 (decimal 176)
   defining Unicode char U+00B1 (decimal 177)
   defining Unicode char U+00B2 (decimal 178)
   defining Unicode char U+00B3 (decimal 179)
   defining Unicode char U+00B4 (decimal 180)
   defining Unicode char U+00B5 (decimal 181)
   defining Unicode char U+00B6 (decimal 182)
   defining Unicode char U+00B7 (decimal 183)
   defining Unicode char U+00B9 (decimal 185)
   defining Unicode char U+00BA (decimal 186)
   defining Unicode char U+00BC (decimal 188)
   defining Unicode char U+00BD (decimal 189)
   defining Unicode char U+00BE (decimal 190)
   defining Unicode char U+00D7 (decimal 215)
   defining Unicode char U+00F7 (decimal 247)
   defining Unicode char U+0192 (decimal 402)
   defining Unicode char U+02C7 (decimal 711)
   defining Unicode char U+02D8 (decimal 728)
   defining Unicode char U+02DD (decimal 733)
   defining Unicode char U+0E3F (decimal 3647)
   defining Unicode char U+2016 (decimal 8214)
   defining Unicode char U+2020 (decimal 8224)
   defining Unicode char U+2021 (decimal 8225)
   defining Unicode char U+2022 (decimal 8226)
   defining Unicode char U+2030 (decimal 8240)
   defining Unicode char U+2031 (decimal 8241)
   defining Unicode char U+203B (decimal 8251)
   defining Unicode char U+203D (decimal 8253)
   defining Unicode char U+2044 (decimal 8260)
   defining Unicode char U+204E (decimal 8270)
   defining Unicode char U+2052 (decimal 8274)
   defining Unicode char U+20A1 (decimal 8353)
   defining Unicode char U+20A4 (decimal 8356)
   defining Unicode char U+20A6 (decimal 8358)
   defining Unicode char U+20A9 (decimal 8361)
   defining Unicode char U+20AB (decimal 8363)
   defining Unicode char U+20AC (decimal 8364)
   defining Unicode char U+20B1 (decimal 8369)
   defining Unicode char U+2103 (decimal 8451)
   defining Unicode char U+2116 (decimal 8470)
   defining Unicode char U+2117 (decimal 8471)
   defining Unicode char U+211E (decimal 8478)
   defining Unicode char U+2120 (decimal 8480)
   defining Unicode char U+2122 (decimal 8482)
   defining Unicode char U+2126 (decimal 8486)
   defining Unicode char U+2127 (decimal 8487)
   defining Unicode char U+212E (decimal 8494)
   defining Unicode char U+2190 (decimal 8592)
   defining Unicode char U+2191 (decimal 8593)
   defining Unicode char U+2192 (decimal 8594)
   defining Unicode char U+2193 (decimal 8595)
   defining Unicode char U+2329 (decimal 9001)
   defining Unicode char U+232A (decimal 9002)
   defining Unicode char U+2422 (decimal 9250)
   defining Unicode char U+25E6 (decimal 9702)
   defining Unicode char U+25EF (decimal 9711)
   defining Unicode char U+266A (decimal 9834)
))
LaTeX Info: Redefining \oldstylenums on input line 266.
Package textcomp Info: Setting cmr sub-encoding to TS1/0 on input line 281.
Package textcomp Info: Setting cmss sub-encoding to TS1/0 on input line 282.
Package textcomp Info: Setting cmtt sub-encoding to TS1/0 on input line 283.
Package textcomp Info: Setting cmvtt sub-encoding to TS1/0 on input line 284.
Package textcomp Info: Setting cmbr sub-encoding to TS1/0 on input line 285.
Package textcomp Info: Setting cmtl sub-encoding to TS1/0 on input line 286.
Package textcomp Info: Setting ccr sub-encoding to TS1/0 on input line 287.
Package textcomp Info: Setting ptm sub-encoding to TS1/4 on input line 288.
Package textcomp Info: Setting pcr sub-encoding to TS1/4 on input line 289.
Package textcomp Info: Setting phv sub-encoding to TS1/4 on input line 290.
Package textcomp Info: Setting ppl sub-encoding to TS1/3 on input line 291.
Package textcomp Info: Setting pag sub-encoding to TS1/4 on input line 292.
Package textcomp Info: Setting pbk sub-encoding to TS1/4 on input line 293.
Package textcomp Info: Setting pnc sub-encoding to TS1/4 on input line 294.
Package textcomp Info: Setting pzc sub-encoding to TS1/4 on input line 295.
Package textcomp Info: Setting bch sub-encoding to TS1/4 on input line 296.
Package textcomp Info: Setting put sub-encoding to TS1/5 on input line 297.
Package textcomp Info: Setting uag sub-encoding to TS1/5 on input line 298.
Package textcomp Info: Setting ugq sub-encoding to TS1/5 on input line 299.
Package textcomp Info: Setting ul8 sub-encoding to TS1/4 on input line 300.
Package textcomp Info: Setting ul9 sub-encoding to TS1/4 on input line 301.
Package textcomp Info: Setting augie sub-encoding to TS1/5 on input line 302.
Package textcomp Info: Setting dayrom sub-encoding to TS1/3 on input line 303.
Package textcomp Info: Setting dayroms sub-encoding to TS1/3 on input line 304.

Package textcomp Info: Setting pxr sub-encoding to TS1/0 on input line 305.
Package textcomp Info: Setting pxss sub-encoding to TS1/0 on input line 306.
Package textcomp Info: Setting pxtt sub-encoding to TS1/0 on input line 307.
Package textcomp Info: Setting txr sub-encoding to TS1/0 on input line 308.
Package textcomp Info: Setting txss sub-encoding to TS1/0 on input line 309.
Package textcomp Info: Setting txtt sub-encoding to TS1/0 on input line 310.
Package textcomp Info: Setting lmr sub-encoding to TS1/0 on input line 311.
Package textcomp Info: Setting lmdh sub-encoding to TS1/0 on input line 312.
Package textcomp Info: Setting lmss sub-encoding to TS1/0 on input line 313.
Package textcomp Info: Setting lmssq sub-encoding to TS1/0 on input line 314.
Package textcomp Info: Setting lmvtt sub-encoding to TS1/0 on input line 315.
Package textcomp Info: Setting qhv sub-encoding to TS1/0 on input line 316.
Package textcomp Info: Setting qag sub-encoding to TS1/0 on input line 317.
Package textcomp Info: Setting qbk sub-encoding to TS1/0 on input line 318.
Package textcomp Info: Setting qcr sub-encoding to TS1/0 on input line 319.
Package textcomp Info: Setting qcs sub-encoding to TS1/0 on input line 320.
Package textcomp Info: Setting qpl sub-encoding to TS1/0 on input line 321.
Package textcomp Info: Setting qtm sub-encoding to TS1/0 on input line 322.
Package textcomp Info: Setting qzc sub-encoding to TS1/0 on input line 323.
Package textcomp Info: Setting qhvc sub-encoding to TS1/0 on input line 324.
Package textcomp Info: Setting futs sub-encoding to TS1/4 on input line 325.
Package textcomp Info: Setting futx sub-encoding to TS1/4 on input line 326.
Package textcomp Info: Setting futj sub-encoding to TS1/4 on input line 327.
Package textcomp Info: Setting hlh sub-encoding to TS1/3 on input line 328.
Package textcomp Info: Setting hls sub-encoding to TS1/3 on input line 329.
Package textcomp Info: Setting hlst sub-encoding to TS1/3 on input line 330.
Package textcomp Info: Setting hlct sub-encoding to TS1/5 on input line 331.
Package textcomp Info: Setting hlx sub-encoding to TS1/5 on input line 332.
Package textcomp Info: Setting hlce sub-encoding to TS1/5 on input line 333.
Package textcomp Info: Setting hlcn sub-encoding to TS1/5 on input line 334.
Package textcomp Info: Setting hlcw sub-encoding to TS1/5 on input line 335.
Package textcomp Info: Setting hlcf sub-encoding to TS1/5 on input line 336.
Package textcomp Info: Setting pplx sub-encoding to TS1/3 on input line 337.
Package textcomp Info: Setting pplj sub-encoding to TS1/3 on input line 338.
Package textcomp Info: Setting ptmx sub-encoding to TS1/4 on input line 339.
Package textcomp Info: Setting ptmj sub-encoding to TS1/4 on input line 340.
)
(/usr/local/texlive/2014/texmf-dist/tex/latex/marvosym/marvosym.sty
Package: marvosym 2011/07/20 v2.2 Martin Vogel's Symbols font definitions
)
(/usr/local/texlive/2014/texmf-dist/tex/latex/base/fixltx2e.sty
Package: fixltx2e 2014/05/13 v1.1q fixes to LaTeX
LaTeX Info: Redefining \em on input line 429.
LaTeX Info: The control sequence `\[' is already robust on input line 480.
LaTeX Info: The control sequence `\]' is already robust on input line 481.
)
(/usr/local/texlive/2014/texmf-dist/tex/latex/cite/cite.sty
LaTeX Info: Redefining \cite on input line 302.
LaTeX Info: Redefining \nocite on input line 373.
Package: cite 2010/09/10  v 5.3
)
(/usr/local/texlive/2014/texmf-dist/tex/latex/hyperref/nameref.sty
Package: nameref 2012/10/27 v2.43 Cross-referencing by name of section

(/usr/local/texlive/2014/texmf-dist/tex/latex/oberdiek/refcount.sty
Package: refcount 2011/10/16 v3.4 Data extraction from label references (HO)
)
(/usr/local/texlive/2014/texmf-dist/tex/generic/oberdiek/gettitlestring.sty
Package: gettitlestring 2010/12/03 v1.4 Cleanup title references (HO)
)
\c@section@level=\count120
LaTeX Info: Redefining \ref on input line 353.
LaTeX Info: Redefining \pageref on input line 353.
)
(/usr/local/texlive/2014/texmf-dist/tex/latex/hyperref/hyperref.sty
Package: hyperref 2012/11/06 v6.83m Hypertext links for LaTeX

(/usr/local/texlive/2014/texmf-dist/tex/generic/oberdiek/hobsub-hyperref.sty
Package: hobsub-hyperref 2012/05/28 v1.13 Bundle oberdiek, subset hyperref (HO)


(/usr/local/texlive/2014/texmf-dist/tex/generic/oberdiek/hobsub-generic.sty
Package: hobsub-generic 2012/05/28 v1.13 Bundle oberdiek, subset generic (HO)
Package: hobsub 2012/05/28 v1.13 Construct package bundles (HO)
Package hobsub Info: Skipping package `infwarerr' (already loaded).
Package hobsub Info: Skipping package `ltxcmds' (already loaded).
Package hobsub Info: Skipping package `ifluatex' (already loaded).
Package hobsub Info: Skipping package `ifvtex' (already loaded).
Package: intcalc 2007/09/27 v1.1 Expandable calculations with integers (HO)
Package hobsub Info: Skipping package `ifpdf' (already loaded).
Package hobsub Info: Skipping package `etexcmds' (already loaded).
Package hobsub Info: Skipping package `kvsetkeys' (already loaded).
Package: kvdefinekeys 2011/04/07 v1.3 Define keys (HO)
Package: pdftexcmds 2011/11/29 v0.20 Utility functions of pdfTeX for LuaTeX (HO
)
Package pdftexcmds Info: LuaTeX not detected.
Package pdftexcmds Info: \pdf@primitive is available.
Package pdftexcmds Info: \pdf@ifprimitive is available.
Package pdftexcmds Info: \pdfdraftmode found.
Package: pdfescape 2011/11/25 v1.13 Implements pdfTeX's escape features (HO)
Package: bigintcalc 2012/04/08 v1.3 Expandable calculations on big integers (HO
)
Package: bitset 2011/01/30 v1.1 Handle bit-vector datatype (HO)
Package: uniquecounter 2011/01/30 v1.2 Provide unlimited unique counter (HO)
)
Package hobsub Info: Skipping package `hobsub' (already loaded).
Package: letltxmacro 2010/09/02 v1.4 Let assignment for LaTeX macros (HO)
Package: hopatch 2012/05/28 v1.2 Wrapper for package hooks (HO)
Package: xcolor-patch 2011/01/30 xcolor patch
Package: atveryend 2011/06/30 v1.8 Hooks at the very end of document (HO)
Package atveryend Info: \enddocument detected (standard20110627).
Package: atbegshi 2011/10/05 v1.16 At begin shipout hook (HO)
Package hobsub Info: Skipping package `refcount' (already loaded).
Package: hycolor 2011/01/30 v1.7 Color options for hyperref/bookmark (HO)
)
(/usr/local/texlive/2014/texmf-dist/tex/latex/oberdiek/auxhook.sty
Package: auxhook 2011/03/04 v1.3 Hooks for auxiliary files (HO)
)
\@linkdim=\dimen131
\Hy@linkcounter=\count121
\Hy@pagecounter=\count122

(/usr/local/texlive/2014/texmf-dist/tex/latex/hyperref/pd1enc.def
File: pd1enc.def 2012/11/06 v6.83m Hyperref: PDFDocEncoding definition (HO)
Now handling font encoding PD1 ...
... no UTF-8 mapping file for font encoding PD1
)
\Hy@SavedSpaceFactor=\count123

(/usr/local/texlive/2014/texmf-dist/tex/latex/latexconfig/hyperref.cfg
File: hyperref.cfg 2002/06/06 v1.2 hyperref configuration of TeXLive
)
Package hyperref Info: Hyper figures OFF on input line 4443.
Package hyperref Info: Link nesting OFF on input line 4448.
Package hyperref Info: Hyper index ON on input line 4451.
Package hyperref Info: Plain pages OFF on input line 4458.
Package hyperref Info: Backreferencing OFF on input line 4463.
Package hyperref Info: Implicit mode ON; LaTeX internals redefined.
Package hyperref Info: Bookmarks ON on input line 4688.
\c@Hy@tempcnt=\count124
LaTeX Info: Redefining \url on input line 5041.
\XeTeXLinkMargin=\dimen132
\Fld@menulength=\count125
\Field@Width=\dimen133
\Fld@charsize=\dimen134
Package hyperref Info: Hyper figures OFF on input line 6295.
Package hyperref Info: Link nesting OFF on input line 6300.
Package hyperref Info: Hyper index ON on input line 6303.
Package hyperref Info: backreferencing OFF on input line 6310.
Package hyperref Info: Link coloring OFF on input line 6315.
Package hyperref Info: Link coloring with OCG OFF on input line 6320.
Package hyperref Info: PDF/A mode OFF on input line 6325.
LaTeX Info: Redefining \ref on input line 6365.
LaTeX Info: Redefining \pageref on input line 6369.
\Hy@abspage=\count126
\c@Item=\count127
\c@Hfootnote=\count128
)

Package hyperref Message: Driver (autodetected): hpdftex.

(/usr/local/texlive/2014/texmf-dist/tex/latex/hyperref/hpdftex.def
File: hpdftex.def 2012/11/06 v6.83m Hyperref driver for pdfTeX
\Fld@listcount=\count129
\c@bookmark@seq@number=\count130

(/usr/local/texlive/2014/texmf-dist/tex/latex/oberdiek/rerunfilecheck.sty
Package: rerunfilecheck 2011/04/15 v1.7 Rerun checks for auxiliary files (HO)
Package uniquecounter Info: New unique counter `rerunfilecheck' on input line 2
82.
)
\Hy@SectionHShift=\skip54
)
(/usr/local/texlive/2014/texmf-dist/tex/latex/lineno/lineno.sty
Package: lineno 2005/11/02 line numbers on paragraphs v4.41
\linenopenalty=\count131
\output=\toks31
\linenoprevgraf=\count132
\linenumbersep=\dimen135
\linenumberwidth=\dimen136
\c@linenumber=\count133
\c@pagewiselinenumber=\count134
\c@LN@truepage=\count135
\c@internallinenumber=\count136
\c@internallinenumbers=\count137
\quotelinenumbersep=\dimen137
\bframerule=\dimen138
\bframesep=\dimen139
\bframebox=\box35
LaTeX Info: Redefining \\ on input line 3056.
)
(/usr/local/texlive/2014/texmf-dist/tex/latex/microtype/microtype.sty
Package: microtype 2013/05/23 v2.5a Micro-typographical refinements (RS)
\MT@toks=\toks32
\MT@count=\count138
LaTeX Info: Redefining \textls on input line 766.
\MT@outer@kern=\dimen140
LaTeX Info: Redefining \textmicrotypecontext on input line 1285.
\MT@listname@count=\count139

(/usr/local/texlive/2014/texmf-dist/tex/latex/microtype/microtype-pdftex.def
File: microtype-pdftex.def 2013/05/23 v2.5a Definitions specific to pdftex (RS)

LaTeX Info: Redefining \lsstyle on input line 915.
LaTeX Info: Redefining \lslig on input line 915.
\MT@outer@space=\skip55
)
Package microtype Info: Loading configuration file microtype.cfg.

(/usr/local/texlive/2014/texmf-dist/tex/latex/microtype/microtype.cfg
File: microtype.cfg 2013/05/23 v2.5a microtype main configuration file (RS)
))
(/usr/local/texlive/2014/texmf-dist/tex/latex/caption/caption.sty
Package: caption 2013/05/02 v3.3-89 Customizing captions (AR)

(/usr/local/texlive/2014/texmf-dist/tex/latex/caption/caption3.sty
Package: caption3 2013/05/02 v1.6-88 caption3 kernel (AR)
Package caption3 Info: TeX engine: e-TeX on input line 57.
\captionmargin=\dimen141
\captionmargin@=\dimen142
\captionwidth=\dimen143
\caption@tempdima=\dimen144
\caption@indent=\dimen145
\caption@parindent=\dimen146
\caption@hangindent=\dimen147
)
\c@ContinuedFloat=\count140
Package caption Info: hyperref package is loaded.
Package caption Info: listings package is loaded.
Package caption Info: longtable package is loaded.

(/usr/local/texlive/2014/texmf-dist/tex/latex/caption/ltcaption.sty
Package: ltcaption 2013/02/03 v1.3-62 longtable captions (AR)
)
Package caption Info: rotating package is loaded.
)
(/usr/local/texlive/2014/texmf-dist/tex/latex/lastpage/lastpage.sty
Package: lastpage 2013/01/28 v1.2l Refers to last page's name (HMM; JPG)
)
(/usr/local/texlive/2014/texmf-dist/tex/latex/fancyhdr/fancyhdr.sty
\fancy@headwidth=\skip56
\f@ncyO@elh=\skip57
\f@ncyO@erh=\skip58
\f@ncyO@olh=\skip59
\f@ncyO@orh=\skip60
\f@ncyO@elf=\skip61
\f@ncyO@erf=\skip62
\f@ncyO@olf=\skip63
\f@ncyO@orf=\skip64
)
(/usr/local/texlive/2014/texmf-dist/tex/latex/oberdiek/epstopdf.sty
Package: epstopdf 2010/02/09 v2.5 Conversion with epstopdf on the fly (HO)

(/usr/local/texlive/2014/texmf-dist/tex/latex/oberdiek/epstopdf-base.sty
Package: epstopdf-base 2010/02/09 v2.5 Base part for package epstopdf

(/usr/local/texlive/2014/texmf-dist/tex/latex/oberdiek/grfext.sty
Package: grfext 2010/08/19 v1.1 Manage graphics extensions (HO)
)
Package grfext Info: Graphics extension search list:
(grfext)             [.png,.pdf,.jpg,.mps,.jpeg,.jbig2,.jb2,.PNG,.PDF,.JPG,.JPE
G,.JBIG2,.JB2,.eps]
(grfext)             \AppendGraphicsExtensions on input line 452.

(/usr/local/texlive/2014/texmf-dist/tex/latex/latexconfig/epstopdf-sys.cfg
File: epstopdf-sys.cfg 2010/07/13 v1.3 Configuration of (r)epstopdf for TeX Liv
e
)))
(./thermosyphon-paper-plos-combined.aux)
\openout1 = `thermosyphon-paper-plos-combined.aux'.

LaTeX Font Info:    Checking defaults for OML/cmm/m/it on input line 178.
LaTeX Font Info:    ... okay on input line 178.
LaTeX Font Info:    Checking defaults for T1/cmr/m/n on input line 178.
LaTeX Font Info:    ... okay on input line 178.
LaTeX Font Info:    Checking defaults for OT1/cmr/m/n on input line 178.
LaTeX Font Info:    ... okay on input line 178.
LaTeX Font Info:    Checking defaults for OMS/cmsy/m/n on input line 178.
LaTeX Font Info:    ... okay on input line 178.
LaTeX Font Info:    Checking defaults for OMX/cmex/m/n on input line 178.
LaTeX Font Info:    ... okay on input line 178.
LaTeX Font Info:    Checking defaults for U/cmr/m/n on input line 178.
LaTeX Font Info:    ... okay on input line 178.
LaTeX Font Info:    Checking defaults for TS1/cmr/m/n on input line 178.
LaTeX Font Info:    Try loading font information for TS1+cmr on input line 178.


(/usr/local/texlive/2014/texmf-dist/tex/latex/base/ts1cmr.fd
File: ts1cmr.fd 1999/05/25 v2.5h Standard LaTeX font definitions
)
LaTeX Font Info:    ... okay on input line 178.
LaTeX Font Info:    Checking defaults for PD1/pdf/m/n on input line 178.
LaTeX Font Info:    ... okay on input line 178.

*geometry* driver: auto-detecting
*geometry* detected driver: pdftex
*geometry* verbose mode - [ preamble ] result:
* driver: pdftex
* paper: letterpaper
* layout: <same size as paper>
* layoutoffset:(h,v)=(0.0pt,0.0pt)
* modes: 
* h-part:(L,W,R)=(198.7425pt, 323.40732pt, 92.14519pt)
* v-part:(T,H,B)=(61.42993pt, 638.14268pt, 95.39737pt)
* \paperwidth=614.295pt
* \paperheight=794.96999pt
* \textwidth=379.4175pt
* \textheight=632.36249pt
* \oddsidemargin=126.4725pt
* \evensidemargin=126.4725pt
* \topmargin=-47.84006pt
* \headheight=12.0pt
* \headsep=25.0pt
* \topskip=10.0pt
* \footskip=54.2025pt
* \marginparwidth=65.0pt
* \marginparsep=11.0pt
* \columnsep=10.0pt
* \skip\footins=9.0pt plus 4.0pt minus 2.0pt
* \hoffset=0.0pt
* \voffset=0.0pt
* \mag=1000
* \@twocolumnfalse
* \@twosidefalse
* \@mparswitchfalse
* \@reversemarginfalse
* (1in=72.27pt=25.4mm, 1cm=28.453pt)

(/usr/local/texlive/2014/texmf-dist/tex/context/base/supp-pdf.mkii
[Loading MPS to PDF converter (version 2006.09.02).]
\scratchcounter=\count141
\scratchdimen=\dimen148
\scratchbox=\box36
\nofMPsegments=\count142
\nofMParguments=\count143
\everyMPshowfont=\toks33
\MPscratchCnt=\count144
\MPscratchDim=\dimen149
\MPnumerator=\count145
\makeMPintoPDFobject=\count146
\everyMPtoPDFconversion=\toks34
)
\c@lstlisting=\count147
\AtBeginShipoutBox=\box37
Package hyperref Info: Link coloring OFF on input line 178.
LaTeX Info: Redefining \ref on input line 178.
LaTeX Info: Redefining \pageref on input line 178.
LaTeX Info: Redefining \nameref on input line 178.
 (./thermosyphon-paper-plos-combined.out)
(./thermosyphon-paper-plos-combined.out)
\@outlinefile=\write3
\openout3 = `thermosyphon-paper-plos-combined.out'.

LaTeX Info: Redefining \microtypecontext on input line 178.
Package microtype Info: Generating PDF output.
Package microtype Info: Character protrusion enabled (level 2).
Package microtype Info: Using default protrusion set `alltext'.
Package microtype Info: Automatic font expansion enabled (level 2),
(microtype)             stretch: 20, shrink: 20, step: 1, non-selected.
Package microtype Info: Using default expansion set `basictext'.
Package microtype Info: No adjustment of tracking.
Package microtype Info: No adjustment of interword spacing.
Package microtype Info: No adjustment of character kerning.

(/usr/local/texlive/2014/texmf-dist/tex/latex/microtype/mt-cmr.cfg
File: mt-cmr.cfg 2013/05/19 v2.2 microtype config. file: Computer Modern Roman 
(RS)
)
Package caption Info: Begin \AtBeginDocument code.
Package caption Info: End \AtBeginDocument code.
Package lastpage Info: Please have a look at the pageslts package at
(lastpage)             http://www.ctan.org/tex-archive/ 
(lastpage)             macros/latex/contrib/pageslts/ 
(lastpage)             or
(lastpage)             http://www.ctan.org/tex-archive/ 
(lastpage)             install/macros/latex/contrib/pageslts.tds.zip
(lastpage)             ! on input line 178.
LaTeX Font Info:    Try loading font information for U+msa on input line 188.

(/usr/local/texlive/2014/texmf-dist/tex/latex/amsfonts/umsa.fd
File: umsa.fd 2013/01/14 v3.01 AMS symbols A
)
(/usr/local/texlive/2014/texmf-dist/tex/latex/microtype/mt-msa.cfg
File: mt-msa.cfg 2006/02/04 v1.1 microtype config. file: AMS symbols (a) (RS)
)
LaTeX Font Info:    Try loading font information for U+msb on input line 188.

(/usr/local/texlive/2014/texmf-dist/tex/latex/amsfonts/umsb.fd
File: umsb.fd 2013/01/14 v3.01 AMS symbols B
)
(/usr/local/texlive/2014/texmf-dist/tex/latex/microtype/mt-msb.cfg
File: mt-msb.cfg 2005/06/01 v1.0 microtype config. file: AMS symbols (b) (RS)
)
Package microtype Info: Loading generic settings for font family
(microtype)             `cmss' (encoding: OT1).
(microtype)             For optimal results, create family-specific settings.
(microtype)             See the microtype manual for details.
Package epstopdf Info: Source file: <figures/PLOS-submission.eps>
(epstopdf)                    date: 2015-03-16 16:44:14
(epstopdf)                    size: 283246 bytes
(epstopdf)             Output file: <figures/PLOS-submission-eps-converted-to.p
df>
(epstopdf)                    date: 2015-10-13 19:35:35
(epstopdf)                    size: 15292 bytes
(epstopdf)             Command: <repstopdf --outfile=figures/PLOS-submission-ep
s-converted-to.pdf figures/PLOS-submission.eps>
(epstopdf)             \includegraphics on input line 241.
Package epstopdf Info: Output file is already uptodate.

<figures/PLOS-submission-eps-converted-to.pdf, id=11, 216.81pt x 35.13126pt>
File: figures/PLOS-submission-eps-converted-to.pdf Graphic file (type pdf)

<use figures/PLOS-submission-eps-converted-to.pdf>
Package pdftex.def Info: figures/PLOS-submission-eps-converted-to.pdf used on i
nput line 241.
(pdftex.def)             Requested size: 144.54pt x 23.42201pt.


Package Fancyhdr Warning: \headheight is too small (12.0pt): 
 Make it at least 27.02205pt.
 We now make it that large for the rest of the document.
 This may cause the page layout to be inconsistent, however.

[1

{/usr/local/texlive/2014/texmf-var/fonts/map/pdftex/updmap/pdftex.map} <./figur
es/PLOS-submission-eps-converted-to.pdf>]
Package epstopdf Info: Source file: <figures/PLOS-submission.eps>
(epstopdf)                    date: 2015-03-16 16:44:14
(epstopdf)                    size: 283246 bytes
(epstopdf)             Output file: <figures/PLOS-submission-eps-converted-to.p
df>
(epstopdf)                    date: 2015-10-13 19:35:35
(epstopdf)                    size: 15292 bytes
(epstopdf)             Command: <repstopdf --outfile=figures/PLOS-submission-ep
s-converted-to.pdf figures/PLOS-submission.eps>
(epstopdf)             \includegraphics on input line 274.
Package epstopdf Info: Output file is already uptodate.
File: figures/PLOS-submission-eps-converted-to.pdf Graphic file (type pdf)

<use figures/PLOS-submission-eps-converted-to.pdf>
Package pdftex.def Info: figures/PLOS-submission-eps-converted-to.pdf used on i
nput line 274.
(pdftex.def)             Requested size: 144.54pt x 23.42201pt.
 [2]
</Users/andyreagan/work/2013/05-data-assimilation/thermosyphon/2015-09-30-12-26
-221-timeseries.pdf, id=74, 419.35152pt x 308.05434pt>
File: /Users/andyreagan/work/2013/05-data-assimilation/thermosyphon/2015-09-30-
12-26-221-timeseries.pdf Graphic file (type pdf)

<use /Users/andyreagan/work/2013/05-data-assimilation/thermosyphon/2015-09-30-1
2-26-221-timeseries.pdf>
Package pdftex.def Info: /Users/andyreagan/work/2013/05-data-assimilation/therm
osyphon/2015-09-30-12-26-221-timeseries.pdf used on input line 280.
(pdftex.def)             Requested size: 189.70874pt x 139.36115pt.

<figures/harris-tellus-2012-loop.pdf, id=76, 558.83395pt x 562.03494pt>
File: figures/harris-tellus-2012-loop.pdf Graphic file (type pdf)

<use figures/harris-tellus-2012-loop.pdf>
Package pdftex.def Info: figures/harris-tellus-2012-loop.pdf used on input line
 291.
(pdftex.def)             Requested size: 170.73671pt x 171.7077pt.
Package epstopdf Info: Source file: <figures/PLOS-submission.eps>
(epstopdf)                    date: 2015-03-16 16:44:14
(epstopdf)                    size: 283246 bytes
(epstopdf)             Output file: <figures/PLOS-submission-eps-converted-to.p
df>
(epstopdf)                    date: 2015-10-13 19:35:35
(epstopdf)                    size: 15292 bytes
(epstopdf)             Command: <repstopdf --outfile=figures/PLOS-submission-ep
s-converted-to.pdf figures/PLOS-submission.eps>
(epstopdf)             \includegraphics on input line 302.
Package epstopdf Info: Output file is already uptodate.
File: figures/PLOS-submission-eps-converted-to.pdf Graphic file (type pdf)

<use figures/PLOS-submission-eps-converted-to.pdf>
Package pdftex.def Info: figures/PLOS-submission-eps-converted-to.pdf used on i
nput line 302.
(pdftex.def)             Requested size: 144.54pt x 23.42201pt.
 [3 </Users/andyreagan/work/2013/05-data-assimilation/thermosyphon/2015-09-30-1
2-26-221-timeseries.pdf> <./figures/harris-tellus-2012-loop.pdf>]
Package microtype Info: Loading generic settings for font family
(microtype)             `cmtt' (encoding: OT1).
(microtype)             For optimal results, create family-specific settings.
(microtype)             See the microtype manual for details.

</Users/andyreagan/work/2013/05-data-assimilation/OpenFOAM/figures/heating_zoom
_mesh4.png, id=178, 750.805pt x 551.05875pt>
File: /Users/andyreagan/work/2013/05-data-assimilation/OpenFOAM/figures/heating
_zoom_mesh4.png Graphic file (type png)

<use /Users/andyreagan/work/2013/05-data-assimilation/OpenFOAM/figures/heating_
zoom_mesh4.png>
Package pdftex.def Info: /Users/andyreagan/work/2013/05-data-assimilation/OpenF
OAM/figures/heating_zoom_mesh4.png used on input line 316.
(pdftex.def)             Requested size: 170.73671pt x 125.3114pt.

</Users/andyreagan/work/2013/05-data-assimilation/OpenFOAM/figures/3D-mesh2.png
, id=179, 789.95125pt x 558.085pt>
File: /Users/andyreagan/work/2013/05-data-assimilation/OpenFOAM/figures/3D-mesh
2.png Graphic file (type png)

<use /Users/andyreagan/work/2013/05-data-assimilation/OpenFOAM/figures/3D-mesh2
.png>
Package pdftex.def Info: /Users/andyreagan/work/2013/05-data-assimilation/OpenF
OAM/figures/3D-mesh2.png used on input line 327.
(pdftex.def)             Requested size: 170.73671pt x 120.61609pt.
Package epstopdf Info: Source file: <figures/PLOS-submission.eps>
(epstopdf)                    date: 2015-03-16 16:44:14
(epstopdf)                    size: 283246 bytes
(epstopdf)             Output file: <figures/PLOS-submission-eps-converted-to.p
df>
(epstopdf)                    date: 2015-10-13 19:35:35
(epstopdf)                    size: 15292 bytes
(epstopdf)             Command: <repstopdf --outfile=figures/PLOS-submission-ep
s-converted-to.pdf figures/PLOS-submission.eps>
(epstopdf)             \includegraphics on input line 340.
Package epstopdf Info: Output file is already uptodate.
File: figures/PLOS-submission-eps-converted-to.pdf Graphic file (type pdf)
 <use figures/PLOS-submission-eps-converted-to.pdf>
Package pdftex.def Info: figures/PLOS-submission-eps-converted-to.pdf used on i
nput line 340.
(pdftex.def)             Requested size: 144.54pt x 23.42201pt.
 [4 </Users/andyreagan/work/2013/05-data-assimilation/OpenFOAM/figures/heating_
zoom_mesh4.png> </Users/andyreagan/work/2013/05-data-assimilation/OpenFOAM/figu
res/3D-mesh2.png (PNG copy)>]
Package epstopdf Info: Source file: <figures/PLOS-submission.eps>
(epstopdf)                    date: 2015-03-16 16:44:14
(epstopdf)                    size: 283246 bytes
(epstopdf)             Output file: <figures/PLOS-submission-eps-converted-to.p
df>
(epstopdf)                    date: 2015-10-13 19:35:35
(epstopdf)                    size: 15292 bytes
(epstopdf)             Command: <repstopdf --outfile=figures/PLOS-submission-ep
s-converted-to.pdf figures/PLOS-submission.eps>
(epstopdf)             \includegraphics on input line 374.
Package epstopdf Info: Output file is already uptodate.
File: figures/PLOS-submission-eps-converted-to.pdf Graphic file (type pdf)
 <use figures/PLOS-submission-eps-converted-to.pdf>
Package pdftex.def Info: figures/PLOS-submission-eps-converted-to.pdf used on i
nput line 374.
(pdftex.def)             Requested size: 144.54pt x 23.42201pt.
 [5]
Package epstopdf Info: Source file: <figures/PLOS-submission.eps>
(epstopdf)                    date: 2015-03-16 16:44:14
(epstopdf)                    size: 283246 bytes
(epstopdf)             Output file: <figures/PLOS-submission-eps-converted-to.p
df>
(epstopdf)                    date: 2015-10-13 19:35:35
(epstopdf)                    size: 15292 bytes
(epstopdf)             Command: <repstopdf --outfile=figures/PLOS-submission-ep
s-converted-to.pdf figures/PLOS-submission.eps>
(epstopdf)             \includegraphics on input line 412.
Package epstopdf Info: Output file is already uptodate.
File: figures/PLOS-submission-eps-converted-to.pdf Graphic file (type pdf)

<use figures/PLOS-submission-eps-converted-to.pdf>
Package pdftex.def Info: figures/PLOS-submission-eps-converted-to.pdf used on i
nput line 412.
(pdftex.def)             Requested size: 144.54pt x 23.42201pt.
 [6]
Package epstopdf Info: Source file: <figures/PLOS-submission.eps>
(epstopdf)                    date: 2015-03-16 16:44:14
(epstopdf)                    size: 283246 bytes
(epstopdf)             Output file: <figures/PLOS-submission-eps-converted-to.p
df>
(epstopdf)                    date: 2015-10-13 19:35:35
(epstopdf)                    size: 15292 bytes
(epstopdf)             Command: <repstopdf --outfile=figures/PLOS-submission-ep
s-converted-to.pdf figures/PLOS-submission.eps>
(epstopdf)             \includegraphics on input line 441.
Package epstopdf Info: Output file is already uptodate.
File: figures/PLOS-submission-eps-converted-to.pdf Graphic file (type pdf)

<use figures/PLOS-submission-eps-converted-to.pdf>
Package pdftex.def Info: figures/PLOS-submission-eps-converted-to.pdf used on i
nput line 441.
(pdftex.def)             Requested size: 144.54pt x 23.42201pt.
 [7]
<figures/covariance-localization-schematic-labeled-004.pdf, id=244, 352.31625pt
 x 416.55624pt>
File: figures/covariance-localization-schematic-labeled-004.pdf Graphic file (t
ype pdf)

<use figures/covariance-localization-schematic-labeled-004.pdf>
Package pdftex.def Info: figures/covariance-localization-schematic-labeled-004.
pdf used on input line 449.
(pdftex.def)             Requested size: 170.73671pt x 201.86427pt.
Package epstopdf Info: Source file: <figures/PLOS-submission.eps>
(epstopdf)                    date: 2015-03-16 16:44:14
(epstopdf)                    size: 283246 bytes
(epstopdf)             Output file: <figures/PLOS-submission-eps-converted-to.p
df>
(epstopdf)                    date: 2015-10-13 19:35:35
(epstopdf)                    size: 15292 bytes
(epstopdf)             Command: <repstopdf --outfile=figures/PLOS-submission-ep
s-converted-to.pdf figures/PLOS-submission.eps>
(epstopdf)             \includegraphics on input line 471.
Package epstopdf Info: Output file is already uptodate.
File: figures/PLOS-submission-eps-converted-to.pdf Graphic file (type pdf)

<use figures/PLOS-submission-eps-converted-to.pdf>
Package pdftex.def Info: figures/PLOS-submission-eps-converted-to.pdf used on i
nput line 471.
(pdftex.def)             Requested size: 144.54pt x 23.42201pt.
 [8 <./figures/covariance-localization-schematic-labeled-004.pdf>]
</Users/andyreagan/work/2013/05-data-assimilation/src/experiments/windowExperim
ent/2015-09-30-14-17-window-experiment.pdf, id=355, 415.27225pt x 308.05434pt>
File: /Users/andyreagan/work/2013/05-data-assimilation/src/experiments/windowEx
periment/2015-09-30-14-17-window-experiment.pdf Graphic file (type pdf)

<use /Users/andyreagan/work/2013/05-data-assimilation/src/experiments/windowExp
eriment/2015-09-30-14-17-window-experiment.pdf>
Package pdftex.def Info: /Users/andyreagan/work/2013/05-data-assimilation/src/e
xperiments/windowExperiment/2015-09-30-14-17-window-experiment.pdf used on inpu
t line 485.
(pdftex.def)             Requested size: 189.70874pt x 140.72899pt.

</Users/andyreagan/work/2013/05-data-assimilation/src/experiments/covInflTest/2
015-09-30-15-35-ETKF-390s.pdf, id=358, 401.34108pt x 335.75435pt>
File: /Users/andyreagan/work/2013/05-data-assimilation/src/experiments/covInflT
est/2015-09-30-15-35-ETKF-390s.pdf Graphic file (type pdf)

<use /Users/andyreagan/work/2013/05-data-assimilation/src/experiments/covInflTe
st/2015-09-30-15-35-ETKF-390s.pdf>
Package pdftex.def Info: /Users/andyreagan/work/2013/05-data-assimilation/src/e
xperiments/covInflTest/2015-09-30-15-35-ETKF-390s.pdf used on input line 501.
(pdftex.def)             Requested size: 182.11877pt x 152.35861pt.


LaTeX Warning: `h' float specifier changed to `ht'.

Package epstopdf Info: Source file: <figures/PLOS-submission.eps>
(epstopdf)                    date: 2015-03-16 16:44:14
(epstopdf)                    size: 283246 bytes
(epstopdf)             Output file: <figures/PLOS-submission-eps-converted-to.p
df>
(epstopdf)                    date: 2015-10-13 19:35:35
(epstopdf)                    size: 15292 bytes
(epstopdf)             Command: <repstopdf --outfile=figures/PLOS-submission-ep
s-converted-to.pdf figures/PLOS-submission.eps>
(epstopdf)             \includegraphics on input line 523.
Package epstopdf Info: Output file is already uptodate.
File: figures/PLOS-submission-eps-converted-to.pdf Graphic file (type pdf)
<use figures/PLOS-submission-eps-converted-to.pdf>
Package pdftex.def Info: figures/PLOS-submission-eps-converted-to.pdf used on i
nput line 523.
(pdftex.def)             Requested size: 144.54pt x 23.42201pt.
 [9 </Users/andyreagan/work/2013/05-data-assimilation/src/experiments/windowExp
eriment/2015-09-30-14-17-window-experiment.pdf>]
<../figures/2015-10-12-09-36-loop-spaghetti.pdf, id=378, 416.41458pt x 308.0543
4pt>
File: ../figures/2015-10-12-09-36-loop-spaghetti.pdf Graphic file (type pdf)
 <use ../figures/2015-10-12-09-36-loop-spaghetti.pdf>
Package pdftex.def Info: ../figures/2015-10-12-09-36-loop-spaghetti.pdf used on
 input line 526.
(pdftex.def)             Requested size: 182.11877pt x 134.72643pt.

<../figures/2015-09-30-19-59-consuela-2.pdf, id=379, 386.87134pt x 335.75435pt>
File: ../figures/2015-09-30-19-59-consuela-2.pdf Graphic file (type pdf)
<use ../figures/2015-09-30-19-59-consuela-2.pdf>
Package pdftex.def Info: ../figures/2015-09-30-19-59-consuela-2.pdf used on inp
ut line 538.
(pdftex.def)             Requested size: 170.73671pt x 148.17809pt.


LaTeX Warning: `h' float specifier changed to `ht'.

Package epstopdf Info: Source file: <figures/PLOS-submission.eps>
(epstopdf)                    date: 2015-03-16 16:44:14
(epstopdf)                    size: 283246 bytes
(epstopdf)             Output file: <figures/PLOS-submission-eps-converted-to.p
df>
(epstopdf)                    date: 2015-10-13 19:35:35
(epstopdf)                    size: 15292 bytes
(epstopdf)             Command: <repstopdf --outfile=figures/PLOS-submission-ep
s-converted-to.pdf figures/PLOS-submission.eps>
(epstopdf)             \includegraphics on input line 549.
Package epstopdf Info: Output file is already uptodate.
File: figures/PLOS-submission-eps-converted-to.pdf Graphic file (type pdf)
<use figures/PLOS-submission-eps-converted-to.pdf>
Package pdftex.def Info: figures/PLOS-submission-eps-converted-to.pdf used on i
nput line 549.
(pdftex.def)             Requested size: 144.54pt x 23.42201pt.
 [10 </Users/andyreagan/work/2013/05-data-assimilation/src/experiments/covInflT
est/2015-09-30-15-35-ETKF-390s.pdf> <../figures/2015-10-12-09-36-loop-spaghetti
.pdf

pdfTeX warning: pdflatex (file ../figures/2015-10-12-09-36-loop-spaghetti.pdf):
 PDF inclusion: multiple pdfs with page group included in a single page
>]

Package hyperref Warning: Suppressing empty link on input line 555.


<../figures/2015-10-02-12-51-DMD_modes_pre_reversals.pdf, id=407, 420.85788pt x
 306.27654pt>
File: ../figures/2015-10-02-12-51-DMD_modes_pre_reversals.pdf Graphic file (typ
e pdf)
 <use ../figures/2015-10-02-12-51-DMD_modes_pre_reversals.pdf>
Package pdftex.def Info: ../figures/2015-10-02-12-51-DMD_modes_pre_reversals.pd
f used on input line 567.
(pdftex.def)             Requested size: 170.73671pt x 124.25629pt.


LaTeX Warning: `h' float specifier changed to `ht'.


<../figures/combined-phase-potrait-2-79-python.pdf, id=409, 364.36125pt x 118.4
425pt>
File: ../figures/combined-phase-potrait-2-79-python.pdf Graphic file (type pdf)

 <use ../figures/combined-phase-potrait-2-79-python.pdf>
Package pdftex.def Info: ../figures/combined-phase-potrait-2-79-python.pdf used
 on input line 584.
(pdftex.def)             Requested size: 371.82751pt x 120.8748pt.


LaTeX Warning: `h' float specifier changed to `ht'.

Package epstopdf Info: Source file: <figures/PLOS-submission.eps>
(epstopdf)                    date: 2015-03-16 16:44:14
(epstopdf)                    size: 283246 bytes
(epstopdf)             Output file: <figures/PLOS-submission-eps-converted-to.p
df>
(epstopdf)                    date: 2015-10-13 19:35:35
(epstopdf)                    size: 15292 bytes
(epstopdf)             Command: <repstopdf --outfile=figures/PLOS-submission-ep
s-converted-to.pdf figures/PLOS-submission.eps>
(epstopdf)             \includegraphics on input line 600.
Package epstopdf Info: Output file is already uptodate.
File: figures/PLOS-submission-eps-converted-to.pdf Graphic file (type pdf)
<use figures/PLOS-submission-eps-converted-to.pdf>
Package pdftex.def Info: figures/PLOS-submission-eps-converted-to.pdf used on i
nput line 600.
(pdftex.def)             Requested size: 144.54pt x 23.42201pt.
 [11 <../figures/2015-09-30-19-59-consuela-2.pdf>]
Package epstopdf Info: Source file: <figures/PLOS-submission.eps>
(epstopdf)                    date: 2015-03-16 16:44:14
(epstopdf)                    size: 283246 bytes
(epstopdf)             Output file: <figures/PLOS-submission-eps-converted-to.p
df>
(epstopdf)                    date: 2015-10-13 19:35:35
(epstopdf)                    size: 15292 bytes
(epstopdf)             Command: <repstopdf --outfile=figures/PLOS-submission-ep
s-converted-to.pdf figures/PLOS-submission.eps>
(epstopdf)             \includegraphics on input line 621.
Package epstopdf Info: Output file is already uptodate.
File: figures/PLOS-submission-eps-converted-to.pdf Graphic file (type pdf)
 <use figures/PLOS-submission-eps-converted-to.pdf>
Package pdftex.def Info: figures/PLOS-submission-eps-converted-to.pdf used on i
nput line 621.
(pdftex.def)             Requested size: 144.54pt x 23.42201pt.

[12 <../figures/2015-10-02-12-51-DMD_modes_pre_reversals.pdf>]
Package epstopdf Info: Source file: <figures/PLOS-submission.eps>
(epstopdf)                    date: 2015-03-16 16:44:14
(epstopdf)                    size: 283246 bytes
(epstopdf)             Output file: <figures/PLOS-submission-eps-converted-to.p
df>
(epstopdf)                    date: 2015-10-13 19:35:35
(epstopdf)                    size: 15292 bytes
(epstopdf)             Command: <repstopdf --outfile=figures/PLOS-submission-ep
s-converted-to.pdf figures/PLOS-submission.eps>
(epstopdf)             \includegraphics on input line 725.
Package epstopdf Info: Output file is already uptodate.
File: figures/PLOS-submission-eps-converted-to.pdf Graphic file (type pdf)

<use figures/PLOS-submission-eps-converted-to.pdf>
Package pdftex.def Info: figures/PLOS-submission-eps-converted-to.pdf used on i
nput line 725.
(pdftex.def)             Requested size: 144.54pt x 23.42201pt.
 [13 <../figures/combined-phase-potrait-2-79-python.pdf>]
Package epstopdf Info: Source file: <figures/PLOS-submission.eps>
(epstopdf)                    date: 2015-03-16 16:44:14
(epstopdf)                    size: 283246 bytes
(epstopdf)             Output file: <figures/PLOS-submission-eps-converted-to.p
df>
(epstopdf)                    date: 2015-10-13 19:35:35
(epstopdf)                    size: 15292 bytes
(epstopdf)             Command: <repstopdf --outfile=figures/PLOS-submission-ep
s-converted-to.pdf figures/PLOS-submission.eps>
(epstopdf)             \includegraphics on input line 819.
Package epstopdf Info: Output file is already uptodate.
File: figures/PLOS-submission-eps-converted-to.pdf Graphic file (type pdf)

<use figures/PLOS-submission-eps-converted-to.pdf>
Package pdftex.def Info: figures/PLOS-submission-eps-converted-to.pdf used on i
nput line 819.
(pdftex.def)             Requested size: 144.54pt x 23.42201pt.
 [14]
Package epstopdf Info: Source file: <figures/PLOS-submission.eps>
(epstopdf)                    date: 2015-03-16 16:44:14
(epstopdf)                    size: 283246 bytes
(epstopdf)             Output file: <figures/PLOS-submission-eps-converted-to.p
df>
(epstopdf)                    date: 2015-10-13 19:35:35
(epstopdf)                    size: 15292 bytes
(epstopdf)             Command: <repstopdf --outfile=figures/PLOS-submission-ep
s-converted-to.pdf figures/PLOS-submission.eps>
(epstopdf)             \includegraphics on input line 914.
Package epstopdf Info: Output file is already uptodate.
File: figures/PLOS-submission-eps-converted-to.pdf Graphic file (type pdf)

<use figures/PLOS-submission-eps-converted-to.pdf>
Package pdftex.def Info: figures/PLOS-submission-eps-converted-to.pdf used on i
nput line 914.
(pdftex.def)             Requested size: 144.54pt x 23.42201pt.
 [15]
\tempfile=\write4
\openout4 = `startsupp-plos.txt'.


(/usr/local/texlive/2014/texmf-dist/tex/latex/listings/lstlang1.sty
File: lstlang1.sty 2014/03/04 1.5c listings language file
)
(/usr/local/texlive/2014/texmf-dist/tex/latex/listings/lstlang1.sty
File: lstlang1.sty 2014/03/04 1.5c listings language file
)
(/usr/local/texlive/2014/texmf-dist/tex/latex/listings/lstmisc.sty
File: lstmisc.sty 2014/03/04 1.5c (Carsten Heinz)
)
Package epstopdf Info: Source file: <figures/PLOS-submission.eps>
(epstopdf)                    date: 2015-03-16 16:44:14
(epstopdf)                    size: 283246 bytes
(epstopdf)             Output file: <figures/PLOS-submission-eps-converted-to.p
df>
(epstopdf)                    date: 2015-10-13 19:35:35
(epstopdf)                    size: 15292 bytes
(epstopdf)             Command: <repstopdf --outfile=figures/PLOS-submission-ep
s-converted-to.pdf figures/PLOS-submission.eps>
(epstopdf)             \includegraphics on input line 990.
Package epstopdf Info: Output file is already uptodate.
File: figures/PLOS-submission-eps-converted-to.pdf Graphic file (type pdf)

<use figures/PLOS-submission-eps-converted-to.pdf>
Package pdftex.def Info: figures/PLOS-submission-eps-converted-to.pdf used on i
nput line 990.
(pdftex.def)             Requested size: 144.54pt x 23.42201pt.
 [1

]
(/Users/andyreagan/work/2013/09-reagan-thesis/code/buoyantBoussinesqPimpleFoam/
buoyantBoussinesqPimpleFoam-edited.C)
(/Users/andyreagan/work/2013/09-reagan-thesis/code/buoyantBoussinesqPimpleFoam/
buoyantBoussinesqPimpleFoam-edited.C)
(/Users/andyreagan/work/2013/09-reagan-thesis/code/buoyantBoussinesqPimpleFoam/
buoyantBoussinesqPimpleFoam-edited.C)
(/Users/andyreagan/work/2013/09-reagan-thesis/code/buoyantBoussinesqPimpleFoam/
UEqn.H
Package epstopdf Info: Source file: <figures/PLOS-submission.eps>
(epstopdf)                    date: 2015-03-16 16:44:14
(epstopdf)                    size: 283246 bytes
(epstopdf)             Output file: <figures/PLOS-submission-eps-converted-to.p
df>
(epstopdf)                    date: 2015-10-13 19:35:35
(epstopdf)                    size: 15292 bytes
(epstopdf)             Command: <repstopdf --outfile=figures/PLOS-submission-ep
s-converted-to.pdf figures/PLOS-submission.eps>
(epstopdf)             \includegraphics on input line 15.
Package epstopdf Info: Output file is already uptodate.
File: figures/PLOS-submission-eps-converted-to.pdf Graphic file (type pdf)
 <use figures/PLOS-submission-eps-converted-to.pdf>
Package pdftex.def Info: figures/PLOS-submission-eps-converted-to.pdf used on i
nput line 15.
(pdftex.def)             Requested size: 144.54pt x 23.42201pt.
 [2])
(/Users/andyreagan/work/2013/09-reagan-thesis/code/buoyantBoussinesqPimpleFoam/
TEqn.H)
(/Users/andyreagan/work/2013/09-reagan-thesis/code/buoyantBoussinesqPimpleFoam/
pEqn.H
Package epstopdf Info: Source file: <figures/PLOS-submission.eps>
(epstopdf)                    date: 2015-03-16 16:44:14
(epstopdf)                    size: 283246 bytes
(epstopdf)             Output file: <figures/PLOS-submission-eps-converted-to.p
df>
(epstopdf)                    date: 2015-10-13 19:35:35
(epstopdf)                    size: 15292 bytes
(epstopdf)             Command: <repstopdf --outfile=figures/PLOS-submission-ep
s-converted-to.pdf figures/PLOS-submission.eps>
(epstopdf)             \includegraphics on input line 36.
Package epstopdf Info: Output file is already uptodate.
File: figures/PLOS-submission-eps-converted-to.pdf Graphic file (type pdf)
 <use figures/PLOS-submission-eps-converted-to.pdf>
Package pdftex.def Info: figures/PLOS-submission-eps-converted-to.pdf used on i
nput line 36.
(pdftex.def)             Requested size: 144.54pt x 23.42201pt.
 [3])
</Users/andyreagan/work/2013/05-data-assimilation/src/experiments/meshVerificat
ion/Flux-end-20-times.pdf, id=690, 482.06361pt x 371.03983pt>
File: /Users/andyreagan/work/2013/05-data-assimilation/src/experiments/meshVeri
fication/Flux-end-20-times.pdf Graphic file (type pdf)

<use /Users/andyreagan/work/2013/05-data-assimilation/src/experiments/meshVerif
ication/Flux-end-20-times.pdf>
Package pdftex.def Info: /Users/andyreagan/work/2013/05-data-assimilation/src/e
xperiments/meshVerification/Flux-end-20-times.pdf used on input line 1024.
(pdftex.def)             Requested size: 299.73727pt x 230.71603pt.
Package epstopdf Info: Source file: <figures/PLOS-submission.eps>
(epstopdf)                    date: 2015-03-16 16:44:14
(epstopdf)                    size: 283246 bytes
(epstopdf)             Output file: <figures/PLOS-submission-eps-converted-to.p
df>
(epstopdf)                    date: 2015-10-13 19:35:35
(epstopdf)                    size: 15292 bytes
(epstopdf)             Command: <repstopdf --outfile=figures/PLOS-submission-ep
s-converted-to.pdf figures/PLOS-submission.eps>
(epstopdf)             \includegraphics on input line 1037.
Package epstopdf Info: Output file is already uptodate.
File: figures/PLOS-submission-eps-converted-to.pdf Graphic file (type pdf)

<use figures/PLOS-submission-eps-converted-to.pdf>
Package pdftex.def Info: figures/PLOS-submission-eps-converted-to.pdf used on i
nput line 1037.
(pdftex.def)             Requested size: 144.54pt x 23.42201pt.
 [4 </Users/andyreagan/work/2013/05-data-assimilation/src/experiments/meshVerif
ication/Flux-end-20-times.pdf>]
Package epstopdf Info: Source file: <figures/PLOS-submission.eps>
(epstopdf)                    date: 2015-03-16 16:44:14
(epstopdf)                    size: 283246 bytes
(epstopdf)             Output file: <figures/PLOS-submission-eps-converted-to.p
df>
(epstopdf)                    date: 2015-10-13 19:35:35
(epstopdf)                    size: 15292 bytes
(epstopdf)             Command: <repstopdf --outfile=figures/PLOS-submission-ep
s-converted-to.pdf figures/PLOS-submission.eps>
(epstopdf)             \includegraphics on input line 1074.
Package epstopdf Info: Output file is already uptodate.
File: figures/PLOS-submission-eps-converted-to.pdf Graphic file (type pdf)
 <use figures/PLOS-submission-eps-converted-to.pdf>
Package pdftex.def Info: figures/PLOS-submission-eps-converted-to.pdf used on i
nput line 1074.
(pdftex.def)             Requested size: 144.54pt x 23.42201pt.
 [5

]
Package epstopdf Info: Source file: <figures/PLOS-submission.eps>
(epstopdf)                    date: 2015-03-16 16:44:14
(epstopdf)                    size: 283246 bytes
(epstopdf)             Output file: <figures/PLOS-submission-eps-converted-to.p
df>
(epstopdf)                    date: 2015-10-13 19:35:35
(epstopdf)                    size: 15292 bytes
(epstopdf)             Command: <repstopdf --outfile=figures/PLOS-submission-ep
s-converted-to.pdf figures/PLOS-submission.eps>
(epstopdf)             \includegraphics on input line 1104.
Package epstopdf Info: Output file is already uptodate.
File: figures/PLOS-submission-eps-converted-to.pdf Graphic file (type pdf)

<use figures/PLOS-submission-eps-converted-to.pdf>
Package pdftex.def Info: figures/PLOS-submission-eps-converted-to.pdf used on i
nput line 1104.
(pdftex.def)             Requested size: 144.54pt x 23.42201pt.
 [6]
Package epstopdf Info: Source file: <figures/PLOS-submission.eps>
(epstopdf)                    date: 2015-03-16 16:44:14
(epstopdf)                    size: 283246 bytes
(epstopdf)             Output file: <figures/PLOS-submission-eps-converted-to.p
df>
(epstopdf)                    date: 2015-10-13 19:35:35
(epstopdf)                    size: 15292 bytes
(epstopdf)             Command: <repstopdf --outfile=figures/PLOS-submission-ep
s-converted-to.pdf figures/PLOS-submission.eps>
(epstopdf)             \includegraphics on input line 1112.
Package epstopdf Info: Output file is already uptodate.
File: figures/PLOS-submission-eps-converted-to.pdf Graphic file (type pdf)

<use figures/PLOS-submission-eps-converted-to.pdf>
Package pdftex.def Info: figures/PLOS-submission-eps-converted-to.pdf used on i
nput line 1112.
(pdftex.def)             Requested size: 144.54pt x 23.42201pt.
 [7]
<figures/TLM-explanation.pdf, id=795, 687.56876pt x 343.2825pt>
File: figures/TLM-explanation.pdf Graphic file (type pdf)

<use figures/TLM-explanation.pdf>
Package pdftex.def Info: figures/TLM-explanation.pdf used on input line 1139.
(pdftex.def)             Requested size: 337.68134pt x 168.59227pt.


LaTeX Warning: `h' float specifier changed to `ht'.

<figures/TLM-verification003_noname.pdf, id=797, 472.76625pt x 467.7475pt>
File: figures/TLM-verification003_noname.pdf Graphic file (type pdf)

<use figures/TLM-verification003_noname.pdf>
Package pdftex.def Info: figures/TLM-verification003_noname.pdf used on input l
ine 1152.
(pdftex.def)             Requested size: 170.73671pt x 168.92426pt.


LaTeX Warning: `h' float specifier changed to `ht'.

<figures/EnKF-histogram-analysis.pdf, id=800, 501.875pt x 412.54124pt>
File: figures/EnKF-histogram-analysis.pdf Graphic file (type pdf)

<use figures/EnKF-histogram-analysis.pdf>
Package pdftex.def Info: figures/EnKF-histogram-analysis.pdf used on input line
 1167.
(pdftex.def)             Requested size: 299.73727pt x 246.39357pt.


LaTeX Warning: `h' float specifier changed to `ht'.

Package epstopdf Info: Source file: <figures/PLOS-submission.eps>
(epstopdf)                    date: 2015-03-16 16:44:14
(epstopdf)                    size: 283246 bytes
(epstopdf)             Output file: <figures/PLOS-submission-eps-converted-to.p
df>
(epstopdf)                    date: 2015-10-13 19:35:35
(epstopdf)                    size: 15292 bytes
(epstopdf)             Command: <repstopdf --outfile=figures/PLOS-submission-ep
s-converted-to.pdf figures/PLOS-submission.eps>
(epstopdf)             \includegraphics on input line 1181.
Package epstopdf Info: Output file is already uptodate.
File: figures/PLOS-submission-eps-converted-to.pdf Graphic file (type pdf)
<use figures/PLOS-submission-eps-converted-to.pdf>
Package pdftex.def Info: figures/PLOS-submission-eps-converted-to.pdf used on i
nput line 1181.
(pdftex.def)             Requested size: 144.54pt x 23.42201pt.
 [8

]
<figures/EnKF_spaghetti.pdf, id=813, 515.94037pt x 395.85973pt>
File: figures/EnKF_spaghetti.pdf Graphic file (type pdf)

<use figures/EnKF_spaghetti.pdf>
Package pdftex.def Info: figures/EnKF_spaghetti.pdf used on input line 1184.
(pdftex.def)             Requested size: 375.6254pt x 288.20203pt.


LaTeX Warning: `h' float specifier changed to `ht'.

Package epstopdf Info: Source file: <figures/PLOS-submission.eps>
(epstopdf)                    date: 2015-03-16 16:44:14
(epstopdf)                    size: 283246 bytes
(epstopdf)             Output file: <figures/PLOS-submission-eps-converted-to.p
df>
(epstopdf)                    date: 2015-10-13 19:35:35
(epstopdf)                    size: 15292 bytes
(epstopdf)             Command: <repstopdf --outfile=figures/PLOS-submission-ep
s-converted-to.pdf figures/PLOS-submission.eps>
(epstopdf)             \includegraphics on input line 1200.
Package epstopdf Info: Output file is already uptodate.
File: figures/PLOS-submission-eps-converted-to.pdf Graphic file (type pdf)
<use figures/PLOS-submission-eps-converted-to.pdf>
Package pdftex.def Info: figures/PLOS-submission-eps-converted-to.pdf used on i
nput line 1200.
(pdftex.def)             Requested size: 144.54pt x 23.42201pt.
 [9 <./figures/TLM-explanation.pdf>]
Package epstopdf Info: Source file: <figures/PLOS-submission.eps>
(epstopdf)                    date: 2015-03-16 16:44:14
(epstopdf)                    size: 283246 bytes
(epstopdf)             Output file: <figures/PLOS-submission-eps-converted-to.p
df>
(epstopdf)                    date: 2015-10-13 19:35:35
(epstopdf)                    size: 15292 bytes
(epstopdf)             Command: <repstopdf --outfile=figures/PLOS-submission-ep
s-converted-to.pdf figures/PLOS-submission.eps>
(epstopdf)             \includegraphics on input line 1200.
Package epstopdf Info: Output file is already uptodate.
File: figures/PLOS-submission-eps-converted-to.pdf Graphic file (type pdf)
 <use figures/PLOS-submission-eps-converted-to.pdf>
Package pdftex.def Info: figures/PLOS-submission-eps-converted-to.pdf used on i
nput line 1200.
(pdftex.def)             Requested size: 144.54pt x 23.42201pt.
 [10 <./figures/TLM-verification003_noname.pdf> <./figures/EnKF-histogram-analy
sis.pdf>]
Package epstopdf Info: Source file: <figures/PLOS-submission.eps>
(epstopdf)                    date: 2015-03-16 16:44:14
(epstopdf)                    size: 283246 bytes
(epstopdf)             Output file: <figures/PLOS-submission-eps-converted-to.p
df>
(epstopdf)                    date: 2015-10-13 19:35:35
(epstopdf)                    size: 15292 bytes
(epstopdf)             Command: <repstopdf --outfile=figures/PLOS-submission-ep
s-converted-to.pdf figures/PLOS-submission.eps>
(epstopdf)             \includegraphics on input line 1200.
Package epstopdf Info: Output file is already uptodate.
File: figures/PLOS-submission-eps-converted-to.pdf Graphic file (type pdf)

<use figures/PLOS-submission-eps-converted-to.pdf>
Package pdftex.def Info: figures/PLOS-submission-eps-converted-to.pdf used on i
nput line 1200.
(pdftex.def)             Requested size: 144.54pt x 23.42201pt.
 [11 <./figures/EnKF_spaghetti.pdf>]
<../figures/DMD/DMD-data-timeseries-longer-wide.pdf, id=891, 923.36533pt x 353.
89401pt>
File: ../figures/DMD/DMD-data-timeseries-longer-wide.pdf Graphic file (type pdf
)
 <use ../figures/DMD/DMD-data-timeseries-longer-wide.pdf>
Package pdftex.def Info: ../figures/DMD/DMD-data-timeseries-longer-wide.pdf use
d on input line 1210.
(pdftex.def)             Requested size: 371.82751pt x 142.51088pt.

<../figures/DMD/eigenvalues-both-labeled.pdf, id=893, 479.7925pt x 240.9pt>
File: ../figures/DMD/eigenvalues-both-labeled.pdf Graphic file (type pdf)

<use ../figures/DMD/eigenvalues-both-labeled.pdf>
Package pdftex.def Info: ../figures/DMD/eigenvalues-both-labeled.pdf used on in
put line 1224.
(pdftex.def)             Requested size: 371.82751pt x 186.69188pt.


AED: lastpage setting LastPage
Package epstopdf Info: Source file: <figures/PLOS-submission.eps>
(epstopdf)                    date: 2015-03-16 16:44:14
(epstopdf)                    size: 283246 bytes
(epstopdf)             Output file: <figures/PLOS-submission-eps-converted-to.p
df>
(epstopdf)                    date: 2015-10-13 19:35:35
(epstopdf)                    size: 15292 bytes
(epstopdf)             Command: <repstopdf --outfile=figures/PLOS-submission-ep
s-converted-to.pdf figures/PLOS-submission.eps>
(epstopdf)             \includegraphics on input line 1247.
Package epstopdf Info: Output file is already uptodate.
File: figures/PLOS-submission-eps-converted-to.pdf Graphic file (type pdf)
<use figures/PLOS-submission-eps-converted-to.pdf>
Package pdftex.def Info: figures/PLOS-submission-eps-converted-to.pdf used on i
nput line 1247.
(pdftex.def)             Requested size: 144.54pt x 23.42201pt.
 [12

 <../figures/DMD/DMD-data-timeseries-longer-wide.pdf> <../figures/DMD/eigenvalu
es-both-labeled.pdf

pdfTeX warning: pdflatex (file ../figures/DMD/eigenvalues-both-labeled.pdf): PD
F inclusion: multiple pdfs with page group included in a single page
>]
Package atveryend Info: Empty hook `BeforeClearDocument' on input line 1247.
Package atveryend Info: Empty hook `AfterLastShipout' on input line 1247.
 (./thermosyphon-paper-plos-combined.aux)
Package atveryend Info: Executing hook `AtVeryEndDocument' on input line 1247.
Package atveryend Info: Executing hook `AtEndAfterFileList' on input line 1247.

Package rerunfilecheck Info: File `thermosyphon-paper-plos-combined.out' has no
t changed.
(rerunfilecheck)             Checksum: D41D8CD98F00B204E9800998ECF8427E;0.
Package atveryend Info: Empty hook `AtVeryVeryEnd' on input line 1247.
 ) 
Here is how much of TeX's memory you used:
 13871 strings out of 493117
 208751 string characters out of 6135433
 518552 words of memory out of 5000000
 16696 multiletter control sequences out of 15000+600000
 11799 words of font info for 72 fonts, out of 8000000 for 9000
 1141 hyphenation exceptions out of 8191
 42i,16n,60p,453b,1871s stack positions out of 5000i,500n,10000p,200000b,80000s
{/usr/local/texlive/2014/texmf-dist/fonts/enc/dvips/cm-super/cm-super-ts1.enc
}</usr/local/texlive/2014/texmf-dist/fonts/type1/public/amsfonts/cm/cmbx10.pfb>
</usr/local/texlive/2014/texmf-dist/fonts/type1/public/amsfonts/cm/cmbx12.pfb><
/usr/local/texlive/2014/texmf-dist/fonts/type1/public/amsfonts/cm/cmbx9.pfb></u
sr/local/texlive/2014/texmf-dist/fonts/type1/public/amsfonts/cm/cmex10.pfb></us
r/local/texlive/2014/texmf-dist/fonts/type1/public/amsfonts/cm/cmmi10.pfb></usr
/local/texlive/2014/texmf-dist/fonts/type1/public/amsfonts/cm/cmmi12.pfb></usr/
local/texlive/2014/texmf-dist/fonts/type1/public/amsfonts/cm/cmmi7.pfb></usr/lo
cal/texlive/2014/texmf-dist/fonts/type1/public/amsfonts/cm/cmr10.pfb></usr/loca
l/texlive/2014/texmf-dist/fonts/type1/public/amsfonts/cm/cmr12.pfb></usr/local/
texlive/2014/texmf-dist/fonts/type1/public/amsfonts/cm/cmr5.pfb></usr/local/tex
live/2014/texmf-dist/fonts/type1/public/amsfonts/cm/cmr7.pfb></usr/local/texliv
e/2014/texmf-dist/fonts/type1/public/amsfonts/cm/cmr8.pfb></usr/local/texlive/2
014/texmf-dist/fonts/type1/public/amsfonts/cm/cmr9.pfb></usr/local/texlive/2014
/texmf-dist/fonts/type1/public/amsfonts/cm/cmss10.pfb></usr/local/texlive/2014/
texmf-dist/fonts/type1/public/amsfonts/cm/cmss8.pfb></usr/local/texlive/2014/te
xmf-dist/fonts/type1/public/amsfonts/cm/cmsy10.pfb></usr/local/texlive/2014/tex
mf-dist/fonts/type1/public/amsfonts/cm/cmsy7.pfb></usr/local/texlive/2014/texmf
-dist/fonts/type1/public/amsfonts/cm/cmsy8.pfb></usr/local/texlive/2014/texmf-d
ist/fonts/type1/public/amsfonts/cm/cmti10.pfb></usr/local/texlive/2014/texmf-di
st/fonts/type1/public/amsfonts/cm/cmtt10.pfb></usr/local/texlive/2014/texmf-dis
t/fonts/type1/public/amsfonts/cm/cmtt8.pfb></usr/local/texlive/2014/texmf-dist/
fonts/type1/public/cm-super/sfrm1000.pfb></usr/local/texlive/2014/texmf-dist/fo
nts/type1/urw/helvetic/uhvr8a.pfb>
Output written on thermosyphon-paper-plos-combined.pdf (27 pages, 3945907 bytes
).
PDF statistics:
 1123 PDF objects out of 1200 (max. 8388607)
 911 compressed objects within 10 object streams
 299 named destinations out of 1000 (max. 500000)
 16992 words of extra memory for PDF output out of 17280 (max. 10000000)

