This is pdfTeX, Version 3.14159265-2.6-1.40.15 (TeX Live 2014) (preloaded format=pdflatex 2014.5.25)  17 AUG 2015 16:27
entering extended mode
 restricted \write18 enabled.
 %&-line parsing enabled.
**thermosyphon-paper-revtex4
(./thermosyphon-paper-revtex4.tex
LaTeX2e <2014/05/01>
Babel <3.9k> and hyphenation patterns for 78 languages loaded.
(/usr/local/texlive/2014/texmf-dist/tex/latex/revtex4/revtex4.cls
Document Class: revtex4 2001/08/02 v4.0 (http://publish.aps.org/revtex4/ for do
cumentation)
 Copyright (c) 2001 The American Physical Society.
 mailto:revtex@aps.org
 Licensed under the LPPL:
http://www.ctan.org/tex-archive/macros/latex/base/lppl.txt
 Arthur Ogawa <ogawa@teleport.com>
 Based on work by David Carlisle <david@dcarlisle.demon.co.uk>.
ltxutil: portions licensed from W. E. Baxter (web@superscript.com)
Class revtex4 Info: Repairing broken LateX \@sect on input line 596.
\intertabularlinepenalty=\count79
\@tbpen=\count80
\@arstrutbox@hline=\box26
Class revtex4 Info: Repairing broken LaTeX \@xbitor on input line 1610.
ltxgrid: portions licensed from W. E. Baxter (web@superscript.com)
\c@linecount=\count81
\output=\toks14
\@protection@box=\box27
\@topmark@saved=\toks15
\footins@saved=\box28
\pagesofar=\box29
\footbox=\box30
\pagegrid@col=\count82
Class revtex4 Info: Incorporating package {textcase}  [1998/11/12 v0.06 Text on
ly upper/lower case changing (DPC)]. on input line 3682.
(/usr/local/texlive/2014/texmf-dist/tex/latex/url/url.sty
\Urlmuskip=\muskip10
Package: url 2013/09/16  ver 3.4  Verb mode for urls, etc.
)
\c@affil=\count83
\absbox=\box31
\c@part=\count84
\c@section=\count85
\c@subsection=\count86
\c@subsubsection=\count87
\c@paragraph=\count88
\c@subparagraph=\count89
\abovecaptionskip=\skip41
\belowcaptionskip=\skip42
\c@figure=\count90
\c@table=\count91

(/usr/local/texlive/2014/texmf-dist/tex/latex/natbib/natbib.sty
Package: natbib 2010/09/13 8.31b (PWD, AO)
\bibhang=\skip43
\bibsep=\skip44
LaTeX Info: Redefining \cite on input line 694.
\c@NAT@ctr=\count92
)
\widetext@top=\box32
\widetext@bot=\box33

(/usr/local/texlive/2014/texmf-dist/tex/latex/revtex4/revsymb.sty
Package: revsymb 2001/08/02 v4.0 (http://publish.aps.org/revtex4/ for documenta
tion)
LaTeX Info: Redefining \REV@mathfrak on input line 118.
))
(/usr/local/texlive/2014/texmf-dist/tex/latex/revtex4/aps.rtx
File: aps.rtx 2001/08/02 v4.0 (http://publish.aps.org/revtex4/ for documentatio
n)
)
(/usr/local/texlive/2014/texmf-dist/tex/latex/revtex4/10pt.rtx
File: 10pt.rtx 2001/08/02 v4.0 (http://publish.aps.org/revtex4/ for documentati
on)
)
(/usr/local/texlive/2014/texmf-dist/tex/latex/currfile/currfile.sty
Package: currfile 2013/02/01 v0.7b Provides the file path elements of the curre
nt input file

(/usr/local/texlive/2014/texmf-dist/tex/latex/oberdiek/kvoptions.sty
Package: kvoptions 2011/06/30 v3.11 Key value format for package options (HO)

(/usr/local/texlive/2014/texmf-dist/tex/latex/graphics/keyval.sty
Package: keyval 2014/05/08 v1.15 key=value parser (DPC)
\KV@toks@=\toks16
)
(/usr/local/texlive/2014/texmf-dist/tex/generic/oberdiek/ltxcmds.sty
Package: ltxcmds 2011/11/09 v1.22 LaTeX kernel commands for general use (HO)
)
(/usr/local/texlive/2014/texmf-dist/tex/generic/oberdiek/kvsetkeys.sty
Package: kvsetkeys 2012/04/25 v1.16 Key value parser (HO)

(/usr/local/texlive/2014/texmf-dist/tex/generic/oberdiek/infwarerr.sty
Package: infwarerr 2010/04/08 v1.3 Providing info/warning/error messages (HO)
)
(/usr/local/texlive/2014/texmf-dist/tex/generic/oberdiek/etexcmds.sty
Package: etexcmds 2011/02/16 v1.5 Avoid name clashes with e-TeX commands (HO)

(/usr/local/texlive/2014/texmf-dist/tex/generic/oberdiek/ifluatex.sty
Package: ifluatex 2010/03/01 v1.3 Provides the ifluatex switch (HO)
Package ifluatex Info: LuaTeX not detected.
)
Package etexcmds Info: Could not find \expanded.
(etexcmds)             That can mean that you are not using pdfTeX 1.50 or
(etexcmds)             that some package has redefined \expanded.
(etexcmds)             In the latter case, load this package earlier.
)))
(/usr/local/texlive/2014/texmf-dist/tex/latex/filehook/filehook.sty
Package: filehook 2011/10/12 v0.5d Hooks for input files
)
\c@currfiledepth=\count93
)
(./thermosyphon-paper-revtex4.settings.tex) (./thermosyphon-paper.settings.tex
(/usr/local/texlive/2014/texmf-dist/tex/latex/graphics/graphicx.sty
Package: graphicx 2014/04/25 v1.0g Enhanced LaTeX Graphics (DPC,SPQR)

(/usr/local/texlive/2014/texmf-dist/tex/latex/graphics/graphics.sty
Package: graphics 2009/02/05 v1.0o Standard LaTeX Graphics (DPC,SPQR)

(/usr/local/texlive/2014/texmf-dist/tex/latex/graphics/trig.sty
Package: trig 1999/03/16 v1.09 sin cos tan (DPC)
)
(/usr/local/texlive/2014/texmf-dist/tex/latex/latexconfig/graphics.cfg
File: graphics.cfg 2010/04/23 v1.9 graphics configuration of TeX Live
)
Package graphics Info: Driver file: pdftex.def on input line 91.

(/usr/local/texlive/2014/texmf-dist/tex/latex/pdftex-def/pdftex.def
File: pdftex.def 2011/05/27 v0.06d Graphics/color for pdfTeX
\Gread@gobject=\count94
))
\Gin@req@height=\dimen102
\Gin@req@width=\dimen103
)
(/usr/local/texlive/2014/texmf-dist/tex/latex/graphics/epsfig.sty
Package: epsfig 1999/02/16 v1.7a (e)psfig emulation (SPQR)
\epsfxsize=\dimen104
\epsfysize=\dimen105
)
(/usr/local/texlive/2014/texmf-dist/tex/latex/tools/verbatim.sty
Package: verbatim 2003/08/22 v1.5q LaTeX2e package for verbatim enhancements
\every@verbatim=\toks17
\verbatim@line=\toks18
\verbatim@in@stream=\read1
)
(/usr/local/texlive/2014/texmf-dist/tex/latex/tools/enumerate.sty
Package: enumerate 1999/03/05 v3.00 enumerate extensions (DPC)
\@enLab=\toks19
)
(/usr/local/texlive/2014/texmf-dist/tex/latex/amsfonts/amssymb.sty
Package: amssymb 2013/01/14 v3.01 AMS font symbols

(/usr/local/texlive/2014/texmf-dist/tex/latex/amsfonts/amsfonts.sty
Package: amsfonts 2013/01/14 v3.01 Basic AMSFonts support
\@emptytoks=\toks20
\symAMSa=\mathgroup4
\symAMSb=\mathgroup5
LaTeX Font Info:    Overwriting math alphabet `\mathfrak' in version `bold'
(Font)                  U/euf/m/n --> U/euf/b/n on input line 106.
LaTeX Info: Redefining \frak on input line 111.
LaTeX Info: Redefining \Bbb on input line 113.
))
(/usr/local/texlive/2014/texmf-dist/tex/latex/amsmath/amsmath.sty
Package: amsmath 2013/01/14 v2.14 AMS math features
\@mathmargin=\skip45

For additional information on amsmath, use the `?' option.
(/usr/local/texlive/2014/texmf-dist/tex/latex/amsmath/amstext.sty
Package: amstext 2000/06/29 v2.01

(/usr/local/texlive/2014/texmf-dist/tex/latex/amsmath/amsgen.sty
File: amsgen.sty 1999/11/30 v2.0
\@emptytoks=\toks21
\ex@=\dimen106
))
(/usr/local/texlive/2014/texmf-dist/tex/latex/amsmath/amsbsy.sty
Package: amsbsy 1999/11/29 v1.2d
\pmbraise@=\dimen107
)
(/usr/local/texlive/2014/texmf-dist/tex/latex/amsmath/amsopn.sty
Package: amsopn 1999/12/14 v2.01 operator names
)
\inf@bad=\count95
LaTeX Info: Redefining \frac on input line 210.
\uproot@=\count96
\leftroot@=\count97
LaTeX Info: Redefining \overline on input line 306.
\classnum@=\count98
\DOTSCASE@=\count99
LaTeX Info: Redefining \ldots on input line 378.
LaTeX Info: Redefining \dots on input line 381.
LaTeX Info: Redefining \cdots on input line 466.
\Mathstrutbox@=\box34
\strutbox@=\box35
\big@size=\dimen108
LaTeX Font Info:    Redeclaring font encoding OML on input line 566.
LaTeX Font Info:    Redeclaring font encoding OMS on input line 567.
\macc@depth=\count100
\c@MaxMatrixCols=\count101
\dotsspace@=\muskip11
\c@parentequation=\count102
\dspbrk@lvl=\count103
\tag@help=\toks22
\row@=\count104
\column@=\count105
\maxfields@=\count106
\andhelp@=\toks23
\eqnshift@=\dimen109
\alignsep@=\dimen110
\tagshift@=\dimen111
\tagwidth@=\dimen112
\totwidth@=\dimen113
\lineht@=\dimen114
\@envbody=\toks24
\multlinegap=\skip46
\multlinetaggap=\skip47
\mathdisplay@stack=\toks25
LaTeX Info: Redefining \[ on input line 2665.
LaTeX Info: Redefining \] on input line 2666.
)
(/usr/local/texlive/2014/texmf-dist/tex/latex/base/ifthen.sty
Package: ifthen 2001/05/26 v1.1c Standard LaTeX ifthen package (DPC)
)
(/usr/local/texlive/2014/texmf-dist/tex/latex/xcolor/xcolor.sty
Package: xcolor 2007/01/21 v2.11 LaTeX color extensions (UK)

(/usr/local/texlive/2014/texmf-dist/tex/latex/latexconfig/color.cfg
File: color.cfg 2007/01/18 v1.5 color configuration of teTeX/TeXLive
)
Package xcolor Info: Driver file: pdftex.def on input line 225.
Package xcolor Info: Model `cmy' substituted by `cmy0' on input line 1337.
Package xcolor Info: Model `hsb' substituted by `rgb' on input line 1341.
Package xcolor Info: Model `RGB' extended on input line 1353.
Package xcolor Info: Model `HTML' substituted by `rgb' on input line 1355.
Package xcolor Info: Model `Hsb' substituted by `hsb' on input line 1356.
Package xcolor Info: Model `tHsb' substituted by `hsb' on input line 1357.
Package xcolor Info: Model `HSB' substituted by `hsb' on input line 1358.
Package xcolor Info: Model `Gray' substituted by `gray' on input line 1359.
Package xcolor Info: Model `wave' substituted by `hsb' on input line 1360.
)
(/usr/local/texlive/2014/texmf-dist/tex/latex/rotating/rotating.sty
Package: rotating 2009/03/28 v2.16a rotated objects in LaTeX
\c@r@tfl@t=\count107
\rotFPtop=\skip48
\rotFPbot=\skip49
\rot@float@box=\box36
\rot@mess@toks=\toks26
)
(/usr/local/texlive/2014/texmf-dist/tex/latex/tools/longtable.sty
Package: longtable 2004/02/01 v4.11 Multi-page Table package (DPC)
\LTleft=\skip50
\LTright=\skip51
\LTpre=\skip52
\LTpost=\skip53
\LTchunksize=\count108
\LTcapwidth=\dimen115
\LT@head=\box37
\LT@firsthead=\box38
\LT@foot=\box39
\LT@lastfoot=\box40
\LT@cols=\count109
\LT@rows=\count110
\c@LT@tables=\count111
\c@LT@chunks=\count112
\LT@p@ftn=\toks27
)
(/usr/local/texlive/2014/texmf-dist/tex/latex/tools/array.sty
Package: array 2008/09/09 v2.4c Tabular extension package (FMi)
\col@sep=\dimen116
\extrarowheight=\dimen117
\NC@list=\toks28
\extratabsurround=\skip54
\backup@length=\skip55
))
(./thermosyphon-paper-revtex4.aux)
\openout1 = `thermosyphon-paper-revtex4.aux'.

LaTeX Font Info:    Checking defaults for OML/cmm/m/it on input line 16.
LaTeX Font Info:    ... okay on input line 16.
LaTeX Font Info:    Checking defaults for T1/cmr/m/n on input line 16.
LaTeX Font Info:    ... okay on input line 16.
LaTeX Font Info:    Checking defaults for OT1/cmr/m/n on input line 16.
LaTeX Font Info:    ... okay on input line 16.
LaTeX Font Info:    Checking defaults for OMS/cmsy/m/n on input line 16.
LaTeX Font Info:    ... okay on input line 16.
LaTeX Font Info:    Checking defaults for OMX/cmex/m/n on input line 16.
LaTeX Font Info:    ... okay on input line 16.
LaTeX Font Info:    Checking defaults for U/cmr/m/n on input line 16.
LaTeX Font Info:    ... okay on input line 16.
Class revtex4 Info: Patching array package. on input line 16.
Class revtex4 Info: Patching unrecognized longtable package. (Proceeding with f
ingers crossed) on input line 16.
Class revtex4 Info: cite was not loaded (OK!) on input line 16.
Class revtex4 Info: multicol was not loaded (OK!) on input line 16.

(/usr/local/texlive/2014/texmf-dist/tex/context/base/supp-pdf.mkii
[Loading MPS to PDF converter (version 2006.09.02).]
\scratchcounter=\count113
\scratchdimen=\dimen118
\scratchbox=\box41
\nofMPsegments=\count114
\nofMParguments=\count115
\everyMPshowfont=\toks29
\MPscratchCnt=\count116
\MPscratchDim=\dimen119
\MPnumerator=\count117
\makeMPintoPDFobject=\count118
\everyMPtoPDFconversion=\toks30
) (/usr/local/texlive/2014/texmf-dist/tex/generic/oberdiek/pdftexcmds.sty
Package: pdftexcmds 2011/11/29 v0.20 Utility functions of pdfTeX for LuaTeX (HO
)

(/usr/local/texlive/2014/texmf-dist/tex/generic/oberdiek/ifpdf.sty
Package: ifpdf 2011/01/30 v2.3 Provides the ifpdf switch (HO)
Package ifpdf Info: pdfTeX in PDF mode is detected.
)
Package pdftexcmds Info: LuaTeX not detected.
Package pdftexcmds Info: \pdf@primitive is available.
Package pdftexcmds Info: \pdf@ifprimitive is available.
Package pdftexcmds Info: \pdfdraftmode found.
)
(/usr/local/texlive/2014/texmf-dist/tex/latex/oberdiek/epstopdf-base.sty
Package: epstopdf-base 2010/02/09 v2.5 Base part for package epstopdf

(/usr/local/texlive/2014/texmf-dist/tex/latex/oberdiek/grfext.sty
Package: grfext 2010/08/19 v1.1 Manage graphics extensions (HO)

(/usr/local/texlive/2014/texmf-dist/tex/generic/oberdiek/kvdefinekeys.sty
Package: kvdefinekeys 2011/04/07 v1.3 Define keys (HO)
))
Package grfext Info: Graphics extension search list:
(grfext)             [.png,.pdf,.jpg,.mps,.jpeg,.jbig2,.jb2,.PNG,.PDF,.JPG,.JPE
G,.JBIG2,.JB2,.eps]
(grfext)             \AppendGraphicsExtensions on input line 452.

(/usr/local/texlive/2014/texmf-dist/tex/latex/latexconfig/epstopdf-sys.cfg
File: epstopdf-sys.cfg 2010/07/13 v1.3 Configuration of (r)epstopdf for TeX Liv
e
))
(./thermosyphon-paper.author.tex) (./thermosyphon-paper.abs.tex)
(./thermosyphon-paper.title.tex)
LaTeX Font Info:    Try loading font information for U+msa on input line 28.

(/usr/local/texlive/2014/texmf-dist/tex/latex/amsfonts/umsa.fd
File: umsa.fd 2013/01/14 v3.01 AMS symbols A
)
LaTeX Font Info:    Try loading font information for U+msb on input line 28.

(/usr/local/texlive/2014/texmf-dist/tex/latex/amsfonts/umsb.fd
File: umsb.fd 2013/01/14 v3.01 AMS symbols B
)
(./thermosyphon-paper.body.tex

Package natbib Warning: Citation `weather-violence2013' on page 1 undefined on 
input line 4.


Package natbib Warning: Citation `ginsberg2008detecting' on page 1 undefined on
 input line 4.


Package natbib Warning: Citation `sornette2006predictability' on page 1 undefin
ed on input line 4.


Package natbib Warning: Citation `asur2010predicting' on page 1 undefined on in
put line 4.


Package natbib Warning: Citation `savely1972' on page 1 undefined on input line
 4.


Package natbib Warning: Citation `yang2006' on page 1 undefined on input line 1
0.


Package natbib Warning: Citation `keller1966' on page 1 undefined on input line
 15.


Package natbib Warning: Citation `welander1967' on page 1 undefined on input li
ne 15.


Package natbib Warning: Citation `creveling1975stability' on page 1 undefined o
n input line 15.


Package natbib Warning: Citation `gorman1984' on page 1 undefined on input line
 15.


Package natbib Warning: Citation `gorman1986' on page 1 undefined on input line
 15.


Package natbib Warning: Citation `ehrhard1990dynamical' on page 1 undefined on 
input line 15.


Package natbib Warning: Citation `yuen1999' on page 1 undefined on input line 1
5.


Package natbib Warning: Citation `jiang2003' on page 1 undefined on input line 
15.


Package natbib Warning: Citation `burroughs2005reduced' on page 1 undefined on 
input line 15.


Package natbib Warning: Citation `desrayaud2006numerical' on page 1 undefined o
n input line 15.


Package natbib Warning: Citation `yang2006' on page 1 undefined on input line 1
5.


Package natbib Warning: Citation `ridouane2010' on page 1 undefined on input li
ne 15.


Package natbib Warning: Citation `louisos2013' on page 1 undefined on input lin
e 16.


Package natbib Warning: Citation `jasak2007' on page 1 undefined on input line 
19.


Package natbib Warning: Citation `harris2011predicting' on page 1 undefined on 
input line 24.

<figures/harris-tellus-2012-loop.pdf, id=1, 558.83395pt x 562.03494pt>
File: figures/harris-tellus-2012-loop.pdf Graphic file (type pdf)

<use figures/harris-tellus-2012-loop.pdf>
Package pdftex.def Info: figures/harris-tellus-2012-loop.pdf used on input line
 27.
(pdftex.def)             Requested size: 229.49844pt x 230.81316pt.


Package natbib Warning: Citation `gorman1986' on page 1 undefined on input line
 36.


Package natbib Warning: Citation `ehrhard1990dynamical' on page 1 undefined on 
input line 36.


Package natbib Warning: Citation `harris2011predicting' on page 1 undefined on 
input line 38.

[1{/usr/local/texlive/2014/texmf-var/fonts/map/pdftex/updmap/pdftex.map}]

LaTeX Warning: A float is stuck (cannot be placed); try class option [floatfix]
 on input line 43.

<figures/221TimeSeries.pdf, id=20, 422.40712pt x 334.70125pt>
File: figures/221TimeSeries.pdf Graphic file (type pdf)

<use figures/221TimeSeries.pdf>
Package pdftex.def Info: figures/221TimeSeries.pdf used on input line 48.
(pdftex.def)             Requested size: 229.49844pt x 181.84933pt.


Package natbib Warning: Citation `glenn2013' on page 2 undefined on input line 
53.


Package natbib Warning: Citation `glenn2013' on page 2 undefined on input line 
53.


LaTeX Warning: `!h' float specifier changed to `!ht'.


Package natbib Warning: Citation `glenn2013' on page 2 undefined on input line 
71.


Underfull \hbox (badness 1484) in paragraph at lines 70--72
\OT1/cmr/m/n/10 tron-ics Tech-ni-cian, the exper-i-men-tal ther-mosyphons
 []


Underfull \hbox (badness 1331) in paragraph at lines 73--81
 \OT1/cmr/m/n/10 wrapped around the bot-tom half of the 
 []


Underfull \hbox (badness 1874) in paragraph at lines 73--81
 \OT1/cmr/m/n/10 transmitting clear THV from McMaster- 
 []


Package natbib Warning: Citation `issa1986solution' on page 2 undefined on inpu
t line 90.


Underfull \hbox (badness 2486) in paragraph at lines 87--92
\OT1/cmr/m/n/10 tions with the Boussi-nesq approx-i-ma-tion to mod-
 []


Underfull \hbox (badness 2435) in paragraph at lines 87--92
\OT1/cmr/m/n/10 el the flow of water inside a ther-mal con-vec-tion
 []


Underfull \hbox (badness 1629) in paragraph at lines 87--92
[]\OT1/cmtt/m/n/10 buoyantBoussinesqPimpleFoam\OT1/cmr/m/n/10 . Solv-ing is acc
om-
 []


Underfull \hbox (badness 2726) in paragraph at lines 93--98
\OT1/cmr/m/n/10 cre-at-ed using Open-FOAM's native mesh-ing util-i-ty
 []

[2 <./figures/harris-tellus-2012-loop.pdf> <./figures/221TimeSeries.pdf>]
</Users/andyreagan/work/2013/05-data-assimilation/OpenFOAM/figures/heating_zoom
_mesh4.png, id=115, 750.805pt x 551.05875pt>
File: /Users/andyreagan/work/2013/05-data-assimilation/OpenFOAM/figures/heating
_zoom_mesh4.png Graphic file (type png)

<use /Users/andyreagan/work/2013/05-data-assimilation/OpenFOAM/figures/heating_
zoom_mesh4.png>
Package pdftex.def Info: /Users/andyreagan/work/2013/05-data-assimilation/OpenF
OAM/figures/heating_zoom_mesh4.png used on input line 101.
(pdftex.def)             Requested size: 229.49844pt x 168.43843pt.

</Users/andyreagan/work/2013/05-data-assimilation/OpenFOAM/figures/3D-mesh2.png
, id=116, 789.95125pt x 558.085pt>
File: /Users/andyreagan/work/2013/05-data-assimilation/OpenFOAM/figures/3D-mesh
2.png Graphic file (type png)

<use /Users/andyreagan/work/2013/05-data-assimilation/OpenFOAM/figures/3D-mesh2
.png>
Package pdftex.def Info: /Users/andyreagan/work/2013/05-data-assimilation/OpenF
OAM/figures/3D-mesh2.png used on input line 111.
(pdftex.def)             Requested size: 229.49844pt x 162.13855pt.

<figures/TLM-verification003_noname.pdf, id=117, 472.76625pt x 467.7475pt>
File: figures/TLM-verification003_noname.pdf Graphic file (type pdf)

<use figures/TLM-verification003_noname.pdf>
Package pdftex.def Info: figures/TLM-verification003_noname.pdf used on input l
ine 144.
(pdftex.def)             Requested size: 229.49844pt x 227.06422pt.


Package natbib Warning: Citation `lorenc1986analysis' on page 3 undefined on in
put line 154.


Package natbib Warning: Citation `kalnay2003' on page 3 undefined on input line
 162.


Package natbib Warning: Citation `danforth2007estimating' on page 3 undefined o
n input line 169.


Package natbib Warning: Citation `li2009accounting' on page 3 undefined on inpu
t line 169.

[3 </Users/andyreagan/work/2013/05-data-assimilation/OpenFOAM/figures/heating_z
oom_mesh4.png> </Users/andyreagan/work/2013/05-data-assimilation/OpenFOAM/figur
es/3D-mesh2.png (PNG copy)>]

LaTeX Warning: A float is stuck (cannot be placed); try class option [floatfix]
 on input line 170.


LaTeX Warning: Reference `fig:TLMverification' on page 4 undefined on input lin
e 195.


Package natbib Warning: Citation `bishop2001adaptive' on page 4 undefined on in
put line 206.

<figures/window_experiment_plot002.pdf, id=122, 465.74pt x 392.46625pt>
File: figures/window_experiment_plot002.pdf Graphic file (type pdf)

<use figures/window_experiment_plot002.pdf>
Package pdftex.def Info: figures/window_experiment_plot002.pdf used on input li
ne 213.
(pdftex.def)             Requested size: 229.49844pt x 193.38806pt.

<figures/ETKF_390s_infl_error.pdf, id=123, 495.8525pt x 394.47375pt>
File: figures/ETKF_390s_infl_error.pdf Graphic file (type pdf)

<use figures/ETKF_390s_infl_error.pdf>
Package pdftex.def Info: figures/ETKF_390s_infl_error.pdf used on input line 22
5.
(pdftex.def)             Requested size: 229.49844pt x 182.57367pt.
 [4 <./figures/TLM-verification003_noname.pdf>]

LaTeX Warning: A float is stuck (cannot be placed); try class option [floatfix]
 on input line 240.


Package natbib Warning: Citation `kalnay20074' on page 5 undefined on input lin
e 245.


Package natbib Warning: Citation `ott2004local' on page 5 undefined on input li
ne 246.


Package natbib Warning: Citation `hunt2007efficient' on page 5 undefined on inp
ut line 257.

[5 <./figures/window_experiment_plot002.pdf> <./figures/ETKF_390s_infl_error.pd
f>]

LaTeX Warning: Reference `fig:sliding_spag' on page 6 undefined on input line 2
84.


LaTeX Warning: Reference `fig:sliding_results' on page 6 undefined on input lin
e 286.

<../figures/loop-spaghetti-slide-004-full.png, id=172, 722.7pt x 361.35pt>
File: ../figures/loop-spaghetti-slide-004-full.png Graphic file (type png)

<use ../figures/loop-spaghetti-slide-004-full.png>
Package pdftex.def Info: ../figures/loop-spaghetti-slide-004-full.png used on i
nput line 293.
(pdftex.def)             Requested size: 229.49844pt x 114.74664pt.
File: ../figures/loop-spaghetti-slide-004-full.png Graphic file (type png)

<use ../figures/loop-spaghetti-slide-004-full.png>
Package pdftex.def Info: ../figures/loop-spaghetti-slide-004-full.png used on i
nput line 308.
(pdftex.def)             Requested size: 229.49844pt x 114.74664pt.

<../figures/DMD/DMD_modes_pre_reversals.png, id=174, 1011.78pt x 578.16pt>
File: ../figures/DMD/DMD_modes_pre_reversals.png Graphic file (type png)

<use ../figures/DMD/DMD_modes_pre_reversals.png>
Package pdftex.def Info: ../figures/DMD/DMD_modes_pre_reversals.png used on inp
ut line 320.
(pdftex.def)             Requested size: 229.49844pt x 131.13902pt.

<../figures/DMD/DMD_mode_2_79_phaseplane-003.png, id=175, 867.24pt x 867.24pt>
File: ../figures/DMD/DMD_mode_2_79_phaseplane-003.png Graphic file (type png)

<use ../figures/DMD/DMD_mode_2_79_phaseplane-003.png>
Package pdftex.def Info: ../figures/DMD/DMD_mode_2_79_phaseplane-003.png used o
n input line 333.
(pdftex.def)             Requested size: 229.49844pt x 229.48668pt.

Underfull \hbox (badness 1824) in paragraph at lines 342--347
[]\OT1/cmr/m/n/10 To incor-po-rate lim-it-ed obser-va-tions into a high-
 []


LaTeX Warning: Reference `fig:DMD_modes' on page 6 undefined on input line 353.



LaTeX Warning: Reference `fig:DMD_phaseplane' on page 6 undefined on input line
 354.

[6 <../figures/loop-spaghetti-slide-004-full.png>]

LaTeX Warning: A float is stuck (cannot be placed); try class option [floatfix]
 on input line 355.

) (./thermosyphon-paper.acknowledgments.tex) (./thermosyphon-paper.biblio.tex
(./thermosyphon-paper-revtex4.bbl

LaTeX Warning: Reference `LastBibItem' on page 7 undefined on input line 1.

[7 <../figures/DMD/DMD_modes_pre_reversals.png> <../figures/DMD/DMD_mode_2_79_p
haseplane-003.png>]
Underfull \hbox (badness 1838) in paragraph at lines 5--10
 []\OT1/cmr/m/n/9 Asur, S. and B. A. Huber-man (2010).  Pre-dict-
 []


Underfull \hbox (badness 1383) in paragraph at lines 5--10
 \OT1/cmr/m/it/9 IEEE/WIC/ACM Inter-na-tion-al Con-fer-ence on\OT1/cmr/m/n/9 , 
Vol-
 []


Underfull \hbox (badness 1158) in paragraph at lines 124--127
 []\OT1/cmr/m/n/9 Kalnay, E., H. Li, T. Miyoshi, S.-C. YANG, and
 []

)) (./thermosyphon-paper.supplementary.tex)
Underfull \hbox (badness 1253) in paragraph at lines 1--55
\OT1/cmr/m/n/10 pushed the bound-ary of com-pu-ta-tion-al pow-er, and
 []


Class revtex4 Warning: Environment acknowledgements is obsolete;
Use acknowledgments instead.


Class revtex4 Warning: Endnote numbers changed: rerun LaTeX.


Package natbib Warning: There were undefined citations.

[8] (./thermosyphon-paper-revtex4.aux

Package natbib Warning: Citation(s) may have changed.
(natbib)                Rerun to get citations correct.

)

LaTeX Warning: There were undefined references.


LaTeX Warning: Label(s) may have changed. Rerun to get cross-references right .


 ) 
Here is how much of TeX's memory you used:
 5126 strings out of 493117
 69848 string characters out of 6135433
 186599 words of memory out of 5000000
 8452 multiletter control sequences out of 15000+600000
 12100 words of font info for 46 fonts, out of 8000000 for 9000
 1141 hyphenation exceptions out of 8191
 39i,13n,40p,370b,324s stack positions out of 5000i,500n,10000p,200000b,80000s
</usr/local/texlive/2014/texmf-dist/fonts/type1/public/amsfonts/cm/cmbx10.pfb
></usr/local/texlive/2014/texmf-dist/fonts/type1/public/amsfonts/cm/cmbx12.pfb>
</usr/local/texlive/2014/texmf-dist/fonts/type1/public/amsfonts/cm/cmbx9.pfb></
usr/local/texlive/2014/texmf-dist/fonts/type1/public/amsfonts/cm/cmex10.pfb></u
sr/local/texlive/2014/texmf-dist/fonts/type1/public/amsfonts/cm/cmmi10.pfb></us
r/local/texlive/2014/texmf-dist/fonts/type1/public/amsfonts/cm/cmmi6.pfb></usr/
local/texlive/2014/texmf-dist/fonts/type1/public/amsfonts/cm/cmmi7.pfb></usr/lo
cal/texlive/2014/texmf-dist/fonts/type1/public/amsfonts/cm/cmmi9.pfb></usr/loca
l/texlive/2014/texmf-dist/fonts/type1/public/amsfonts/cm/cmr10.pfb></usr/local/
texlive/2014/texmf-dist/fonts/type1/public/amsfonts/cm/cmr6.pfb></usr/local/tex
live/2014/texmf-dist/fonts/type1/public/amsfonts/cm/cmr7.pfb></usr/local/texliv
e/2014/texmf-dist/fonts/type1/public/amsfonts/cm/cmr8.pfb></usr/local/texlive/2
014/texmf-dist/fonts/type1/public/amsfonts/cm/cmr9.pfb></usr/local/texlive/2014
/texmf-dist/fonts/type1/public/amsfonts/cm/cmsy10.pfb></usr/local/texlive/2014/
texmf-dist/fonts/type1/public/amsfonts/cm/cmsy6.pfb></usr/local/texlive/2014/te
xmf-dist/fonts/type1/public/amsfonts/cm/cmsy7.pfb></usr/local/texlive/2014/texm
f-dist/fonts/type1/public/amsfonts/cm/cmti10.pfb></usr/local/texlive/2014/texmf
-dist/fonts/type1/public/amsfonts/cm/cmti7.pfb></usr/local/texlive/2014/texmf-d
ist/fonts/type1/public/amsfonts/cm/cmti9.pfb></usr/local/texlive/2014/texmf-dis
t/fonts/type1/public/amsfonts/cm/cmtt10.pfb></usr/local/texlive/2014/texmf-dist
/fonts/type1/public/amsfonts/symbols/msam10.pfb>
Output written on thermosyphon-paper-revtex4.pdf (8 pages, 1255282 bytes).
PDF statistics:
 256 PDF objects out of 1000 (max. 8388607)
 179 compressed objects within 2 object streams
 0 named destinations out of 1000 (max. 500000)
 51 words of extra memory for PDF output out of 10000 (max. 10000000)

